{"/Users/ciepolml/Projects/marlink-ai-tools/App.tsx": {"path":"/Users/ciepolml/Projects/marlink-ai-tools/App.tsx","all":true,"statementMap":{"0":{"start":{"line":1,"column":0},"end":{"line":1,"column":83}},"1":{"start":{"line":2,"column":0},"end":{"line":2,"column":41}},"2":{"start":{"line":3,"column":0},"end":{"line":3,"column":37}},"3":{"start":{"line":4,"column":0},"end":{"line":4,"column":55}},"4":{"start":{"line":5,"column":0},"end":{"line":5,"column":47}},"5":{"start":{"line":6,"column":0},"end":{"line":6,"column":45}},"6":{"start":{"line":7,"column":0},"end":{"line":7,"column":41}},"7":{"start":{"line":8,"column":0},"end":{"line":8,"column":57}},"8":{"start":{"line":9,"column":0},"end":{"line":9,"column":65}},"9":{"start":{"line":10,"column":0},"end":{"line":10,"column":74}},"10":{"start":{"line":11,"column":0},"end":{"line":11,"column":90}},"11":{"start":{"line":12,"column":0},"end":{"line":12,"column":75}},"12":{"start":{"line":13,"column":0},"end":{"line":13,"column":44}},"13":{"start":{"line":14,"column":0},"end":{"line":14,"column":73}},"15":{"start":{"line":16,"column":0},"end":{"line":16,"column":16}},"17":{"start":{"line":18,"column":0},"end":{"line":18,"column":54}},"18":{"start":{"line":19,"column":0},"end":{"line":19,"column":23}},"19":{"start":{"line":20,"column":0},"end":{"line":20,"column":14}},"20":{"start":{"line":21,"column":0},"end":{"line":21,"column":18}},"21":{"start":{"line":22,"column":0},"end":{"line":22,"column":23}},"22":{"start":{"line":23,"column":0},"end":{"line":23,"column":28}},"23":{"start":{"line":24,"column":0},"end":{"line":24,"column":27}},"24":{"start":{"line":25,"column":0},"end":{"line":25,"column":30}},"25":{"start":{"line":26,"column":0},"end":{"line":26,"column":25}},"26":{"start":{"line":27,"column":0},"end":{"line":27,"column":20}},"27":{"start":{"line":28,"column":0},"end":{"line":28,"column":26}},"28":{"start":{"line":29,"column":0},"end":{"line":29,"column":15}},"29":{"start":{"line":30,"column":0},"end":{"line":30,"column":5}},"32":{"start":{"line":33,"column":0},"end":{"line":33,"column":19}},"33":{"start":{"line":34,"column":0},"end":{"line":34,"column":39}},"34":{"start":{"line":35,"column":0},"end":{"line":35,"column":11}},"35":{"start":{"line":36,"column":0},"end":{"line":36,"column":53}},"38":{"start":{"line":39,"column":0},"end":{"line":39,"column":77}},"39":{"start":{"line":40,"column":0},"end":{"line":40,"column":107}},"40":{"start":{"line":41,"column":0},"end":{"line":41,"column":84}},"43":{"start":{"line":44,"column":0},"end":{"line":44,"column":103}},"44":{"start":{"line":45,"column":0},"end":{"line":45,"column":94}},"46":{"start":{"line":47,"column":0},"end":{"line":47,"column":30}},"47":{"start":{"line":48,"column":0},"end":{"line":48,"column":18}},"48":{"start":{"line":49,"column":0},"end":{"line":49,"column":30}},"49":{"start":{"line":50,"column":0},"end":{"line":50,"column":34}},"50":{"start":{"line":51,"column":0},"end":{"line":51,"column":44}},"51":{"start":{"line":52,"column":0},"end":{"line":52,"column":30}},"52":{"start":{"line":53,"column":0},"end":{"line":53,"column":24}},"53":{"start":{"line":54,"column":0},"end":{"line":54,"column":12}},"55":{"start":{"line":56,"column":0},"end":{"line":56,"column":65}},"56":{"start":{"line":57,"column":0},"end":{"line":57,"column":23}},"57":{"start":{"line":58,"column":0},"end":{"line":58,"column":69}},"58":{"start":{"line":59,"column":0},"end":{"line":59,"column":35}},"59":{"start":{"line":60,"column":0},"end":{"line":60,"column":30}},"60":{"start":{"line":61,"column":0},"end":{"line":61,"column":18}},"61":{"start":{"line":62,"column":0},"end":{"line":62,"column":25}},"62":{"start":{"line":63,"column":0},"end":{"line":63,"column":51}},"63":{"start":{"line":64,"column":0},"end":{"line":64,"column":12}},"64":{"start":{"line":65,"column":0},"end":{"line":65,"column":7}},"65":{"start":{"line":66,"column":0},"end":{"line":66,"column":6}},"67":{"start":{"line":68,"column":0},"end":{"line":68,"column":20}},"68":{"start":{"line":69,"column":0},"end":{"line":69,"column":9}},"71":{"start":{"line":72,"column":0},"end":{"line":72,"column":59}},"72":{"start":{"line":73,"column":0},"end":{"line":73,"column":55}},"73":{"start":{"line":74,"column":0},"end":{"line":74,"column":46}},"74":{"start":{"line":75,"column":0},"end":{"line":75,"column":9}},"77":{"start":{"line":78,"column":0},"end":{"line":78,"column":19}},"78":{"start":{"line":79,"column":0},"end":{"line":79,"column":53}},"80":{"start":{"line":81,"column":0},"end":{"line":81,"column":35}},"81":{"start":{"line":82,"column":0},"end":{"line":82,"column":35}},"82":{"start":{"line":83,"column":0},"end":{"line":83,"column":65}},"83":{"start":{"line":84,"column":0},"end":{"line":84,"column":47}},"84":{"start":{"line":85,"column":0},"end":{"line":85,"column":70}},"85":{"start":{"line":86,"column":0},"end":{"line":86,"column":9}},"86":{"start":{"line":87,"column":0},"end":{"line":87,"column":7}},"89":{"start":{"line":90,"column":0},"end":{"line":90,"column":66}},"90":{"start":{"line":91,"column":0},"end":{"line":91,"column":31}},"91":{"start":{"line":92,"column":0},"end":{"line":92,"column":68}},"92":{"start":{"line":93,"column":0},"end":{"line":93,"column":26}},"93":{"start":{"line":94,"column":0},"end":{"line":94,"column":30}},"94":{"start":{"line":95,"column":0},"end":{"line":95,"column":9}},"95":{"start":{"line":96,"column":0},"end":{"line":96,"column":7}},"98":{"start":{"line":99,"column":0},"end":{"line":99,"column":84}},"99":{"start":{"line":100,"column":0},"end":{"line":100,"column":31}},"100":{"start":{"line":101,"column":0},"end":{"line":101,"column":83}},"101":{"start":{"line":102,"column":0},"end":{"line":102,"column":36}},"102":{"start":{"line":103,"column":0},"end":{"line":103,"column":7}},"105":{"start":{"line":106,"column":0},"end":{"line":106,"column":84}},"106":{"start":{"line":107,"column":0},"end":{"line":107,"column":31}},"107":{"start":{"line":108,"column":0},"end":{"line":108,"column":81}},"108":{"start":{"line":109,"column":0},"end":{"line":109,"column":7}},"109":{"start":{"line":110,"column":0},"end":{"line":110,"column":6}},"111":{"start":{"line":112,"column":0},"end":{"line":112,"column":56}},"112":{"start":{"line":113,"column":0},"end":{"line":113,"column":72}},"113":{"start":{"line":114,"column":0},"end":{"line":114,"column":91}},"116":{"start":{"line":117,"column":0},"end":{"line":117,"column":19}},"117":{"start":{"line":118,"column":0},"end":{"line":118,"column":59}},"119":{"start":{"line":120,"column":0},"end":{"line":120,"column":40}},"120":{"start":{"line":121,"column":0},"end":{"line":121,"column":53}},"121":{"start":{"line":122,"column":0},"end":{"line":122,"column":12}},"122":{"start":{"line":123,"column":0},"end":{"line":123,"column":56}},"123":{"start":{"line":124,"column":0},"end":{"line":124,"column":5}},"125":{"start":{"line":126,"column":0},"end":{"line":126,"column":79}},"126":{"start":{"line":127,"column":0},"end":{"line":127,"column":61}},"127":{"start":{"line":128,"column":0},"end":{"line":128,"column":23}},"130":{"start":{"line":131,"column":0},"end":{"line":131,"column":19}},"131":{"start":{"line":132,"column":0},"end":{"line":132,"column":68}},"132":{"start":{"line":133,"column":0},"end":{"line":133,"column":26}},"134":{"start":{"line":135,"column":0},"end":{"line":135,"column":19}},"135":{"start":{"line":136,"column":0},"end":{"line":136,"column":89}},"136":{"start":{"line":137,"column":0},"end":{"line":137,"column":32}},"138":{"start":{"line":139,"column":0},"end":{"line":139,"column":66}},"139":{"start":{"line":140,"column":0},"end":{"line":140,"column":52}},"141":{"start":{"line":142,"column":0},"end":{"line":142,"column":29}},"142":{"start":{"line":143,"column":0},"end":{"line":143,"column":68}},"143":{"start":{"line":144,"column":0},"end":{"line":144,"column":12}},"144":{"start":{"line":145,"column":0},"end":{"line":145,"column":27}},"145":{"start":{"line":146,"column":0},"end":{"line":146,"column":79}},"146":{"start":{"line":147,"column":0},"end":{"line":147,"column":49}},"147":{"start":{"line":148,"column":0},"end":{"line":148,"column":76}},"148":{"start":{"line":149,"column":0},"end":{"line":149,"column":18}},"149":{"start":{"line":150,"column":0},"end":{"line":150,"column":20}},"150":{"start":{"line":151,"column":0},"end":{"line":151,"column":82}},"151":{"start":{"line":152,"column":0},"end":{"line":152,"column":12}},"152":{"start":{"line":153,"column":0},"end":{"line":153,"column":16}},"153":{"start":{"line":154,"column":0},"end":{"line":154,"column":18}},"154":{"start":{"line":155,"column":0},"end":{"line":155,"column":20}},"155":{"start":{"line":156,"column":0},"end":{"line":156,"column":60}},"156":{"start":{"line":157,"column":0},"end":{"line":157,"column":12}},"157":{"start":{"line":158,"column":0},"end":{"line":158,"column":9}},"158":{"start":{"line":159,"column":0},"end":{"line":159,"column":9}},"159":{"start":{"line":160,"column":0},"end":{"line":160,"column":5}},"160":{"start":{"line":161,"column":0},"end":{"line":161,"column":9}},"162":{"start":{"line":163,"column":0},"end":{"line":163,"column":51}},"163":{"start":{"line":164,"column":0},"end":{"line":164,"column":45}},"164":{"start":{"line":165,"column":0},"end":{"line":165,"column":66}},"165":{"start":{"line":166,"column":0},"end":{"line":166,"column":9}},"167":{"start":{"line":168,"column":0},"end":{"line":168,"column":68}},"168":{"start":{"line":169,"column":0},"end":{"line":169,"column":9}},"169":{"start":{"line":170,"column":0},"end":{"line":170,"column":57}},"171":{"start":{"line":172,"column":0},"end":{"line":172,"column":27}},"172":{"start":{"line":173,"column":0},"end":{"line":173,"column":29}},"173":{"start":{"line":174,"column":0},"end":{"line":174,"column":22}},"174":{"start":{"line":175,"column":0},"end":{"line":175,"column":60}},"175":{"start":{"line":176,"column":0},"end":{"line":176,"column":10}},"176":{"start":{"line":177,"column":0},"end":{"line":177,"column":16}},"177":{"start":{"line":178,"column":0},"end":{"line":178,"column":18}},"178":{"start":{"line":179,"column":0},"end":{"line":179,"column":44}},"179":{"start":{"line":180,"column":0},"end":{"line":180,"column":10}},"180":{"start":{"line":181,"column":0},"end":{"line":181,"column":9}},"182":{"start":{"line":183,"column":0},"end":{"line":183,"column":50}},"183":{"start":{"line":184,"column":0},"end":{"line":184,"column":21}},"184":{"start":{"line":185,"column":0},"end":{"line":185,"column":53}},"185":{"start":{"line":186,"column":0},"end":{"line":186,"column":33}},"186":{"start":{"line":187,"column":0},"end":{"line":187,"column":5}},"187":{"start":{"line":188,"column":0},"end":{"line":188,"column":9}},"189":{"start":{"line":190,"column":0},"end":{"line":190,"column":63}},"190":{"start":{"line":191,"column":0},"end":{"line":191,"column":9}},"191":{"start":{"line":192,"column":0},"end":{"line":192,"column":59}},"193":{"start":{"line":194,"column":0},"end":{"line":194,"column":28}},"194":{"start":{"line":195,"column":0},"end":{"line":195,"column":16}},"195":{"start":{"line":196,"column":0},"end":{"line":196,"column":38}},"196":{"start":{"line":197,"column":0},"end":{"line":197,"column":57}},"197":{"start":{"line":198,"column":0},"end":{"line":198,"column":9}},"198":{"start":{"line":199,"column":0},"end":{"line":199,"column":10}},"200":{"start":{"line":201,"column":0},"end":{"line":201,"column":52}},"201":{"start":{"line":202,"column":0},"end":{"line":202,"column":21}},"202":{"start":{"line":203,"column":0},"end":{"line":203,"column":56}},"203":{"start":{"line":204,"column":0},"end":{"line":204,"column":33}},"204":{"start":{"line":205,"column":0},"end":{"line":205,"column":5}},"205":{"start":{"line":206,"column":0},"end":{"line":206,"column":9}},"207":{"start":{"line":208,"column":0},"end":{"line":208,"column":74}},"208":{"start":{"line":209,"column":0},"end":{"line":209,"column":9}},"209":{"start":{"line":210,"column":0},"end":{"line":210,"column":70}},"212":{"start":{"line":213,"column":0},"end":{"line":213,"column":21}},"213":{"start":{"line":214,"column":0},"end":{"line":214,"column":67}},"214":{"start":{"line":215,"column":0},"end":{"line":215,"column":33}},"215":{"start":{"line":216,"column":0},"end":{"line":216,"column":5}},"216":{"start":{"line":217,"column":0},"end":{"line":217,"column":9}},"219":{"start":{"line":220,"column":0},"end":{"line":220,"column":48}},"220":{"start":{"line":221,"column":0},"end":{"line":221,"column":9}},"221":{"start":{"line":222,"column":0},"end":{"line":222,"column":45}},"224":{"start":{"line":225,"column":0},"end":{"line":225,"column":33}},"225":{"start":{"line":226,"column":0},"end":{"line":226,"column":71}},"226":{"start":{"line":227,"column":0},"end":{"line":227,"column":7}},"229":{"start":{"line":230,"column":0},"end":{"line":230,"column":55}},"230":{"start":{"line":231,"column":0},"end":{"line":231,"column":51}},"231":{"start":{"line":232,"column":0},"end":{"line":232,"column":59}},"232":{"start":{"line":233,"column":0},"end":{"line":233,"column":10}},"233":{"start":{"line":234,"column":0},"end":{"line":234,"column":7}},"236":{"start":{"line":237,"column":0},"end":{"line":237,"column":66}},"238":{"start":{"line":239,"column":0},"end":{"line":239,"column":26}},"239":{"start":{"line":240,"column":0},"end":{"line":240,"column":21}},"240":{"start":{"line":241,"column":0},"end":{"line":241,"column":64}},"241":{"start":{"line":242,"column":0},"end":{"line":242,"column":33}},"242":{"start":{"line":243,"column":0},"end":{"line":243,"column":28}},"243":{"start":{"line":244,"column":0},"end":{"line":244,"column":5}},"244":{"start":{"line":245,"column":0},"end":{"line":245,"column":93}},"246":{"start":{"line":247,"column":0},"end":{"line":247,"column":39}},"247":{"start":{"line":248,"column":0},"end":{"line":248,"column":36}},"248":{"start":{"line":249,"column":0},"end":{"line":249,"column":47}},"249":{"start":{"line":250,"column":0},"end":{"line":250,"column":41}},"252":{"start":{"line":253,"column":0},"end":{"line":253,"column":23}},"253":{"start":{"line":254,"column":0},"end":{"line":254,"column":12}},"254":{"start":{"line":255,"column":0},"end":{"line":255,"column":95}},"255":{"start":{"line":256,"column":0},"end":{"line":256,"column":41}},"256":{"start":{"line":257,"column":0},"end":{"line":257,"column":81}},"258":{"start":{"line":259,"column":0},"end":{"line":259,"column":15}},"259":{"start":{"line":260,"column":0},"end":{"line":260,"column":61}},"260":{"start":{"line":261,"column":0},"end":{"line":261,"column":28}},"261":{"start":{"line":262,"column":0},"end":{"line":262,"column":14}},"262":{"start":{"line":263,"column":0},"end":{"line":263,"column":17}},"263":{"start":{"line":264,"column":0},"end":{"line":264,"column":52}},"264":{"start":{"line":265,"column":0},"end":{"line":265,"column":98}},"265":{"start":{"line":266,"column":0},"end":{"line":266,"column":11}},"267":{"start":{"line":268,"column":0},"end":{"line":268,"column":19}},"268":{"start":{"line":269,"column":0},"end":{"line":269,"column":14}},"269":{"start":{"line":270,"column":0},"end":{"line":270,"column":12}},"271":{"start":{"line":272,"column":0},"end":{"line":272,"column":3}},"273":{"start":{"line":274,"column":0},"end":{"line":274,"column":10}},"274":{"start":{"line":275,"column":0},"end":{"line":275,"column":137}},"276":{"start":{"line":277,"column":0},"end":{"line":277,"column":8}},"277":{"start":{"line":278,"column":0},"end":{"line":278,"column":28}},"278":{"start":{"line":279,"column":0},"end":{"line":279,"column":239}},"279":{"start":{"line":280,"column":0},"end":{"line":280,"column":7}},"281":{"start":{"line":282,"column":0},"end":{"line":282,"column":10}},"283":{"start":{"line":284,"column":0},"end":{"line":284,"column":13}},"284":{"start":{"line":285,"column":0},"end":{"line":285,"column":30}},"285":{"start":{"line":286,"column":0},"end":{"line":286,"column":41}},"286":{"start":{"line":287,"column":0},"end":{"line":287,"column":81}},"287":{"start":{"line":288,"column":0},"end":{"line":288,"column":91}},"288":{"start":{"line":289,"column":0},"end":{"line":289,"column":48}},"289":{"start":{"line":290,"column":0},"end":{"line":290,"column":46}},"290":{"start":{"line":291,"column":0},"end":{"line":291,"column":72}},"292":{"start":{"line":293,"column":0},"end":{"line":293,"column":8}},"294":{"start":{"line":295,"column":0},"end":{"line":295,"column":14}},"296":{"start":{"line":297,"column":0},"end":{"line":297,"column":42}},"297":{"start":{"line":298,"column":0},"end":{"line":298,"column":23}},"298":{"start":{"line":299,"column":0},"end":{"line":299,"column":32}},"299":{"start":{"line":300,"column":0},"end":{"line":300,"column":51}},"300":{"start":{"line":301,"column":0},"end":{"line":301,"column":37}},"301":{"start":{"line":302,"column":0},"end":{"line":302,"column":10}},"303":{"start":{"line":304,"column":0},"end":{"line":304,"column":18}},"304":{"start":{"line":305,"column":0},"end":{"line":305,"column":54}},"305":{"start":{"line":306,"column":0},"end":{"line":306,"column":49}},"306":{"start":{"line":307,"column":0},"end":{"line":307,"column":51}},"307":{"start":{"line":308,"column":0},"end":{"line":308,"column":42}},"308":{"start":{"line":309,"column":0},"end":{"line":309,"column":87}},"309":{"start":{"line":310,"column":0},"end":{"line":310,"column":44}},"310":{"start":{"line":311,"column":0},"end":{"line":311,"column":92}},"311":{"start":{"line":312,"column":0},"end":{"line":312,"column":38}},"312":{"start":{"line":313,"column":0},"end":{"line":313,"column":89}},"313":{"start":{"line":314,"column":0},"end":{"line":314,"column":10}},"315":{"start":{"line":316,"column":0},"end":{"line":316,"column":18}},"316":{"start":{"line":317,"column":0},"end":{"line":317,"column":41}},"317":{"start":{"line":318,"column":0},"end":{"line":318,"column":39}},"318":{"start":{"line":319,"column":0},"end":{"line":319,"column":51}},"319":{"start":{"line":320,"column":0},"end":{"line":320,"column":37}},"320":{"start":{"line":321,"column":0},"end":{"line":321,"column":10}},"321":{"start":{"line":322,"column":0},"end":{"line":322,"column":13}},"323":{"start":{"line":324,"column":0},"end":{"line":324,"column":16}},"325":{"start":{"line":326,"column":0},"end":{"line":326,"column":32}},"326":{"start":{"line":327,"column":0},"end":{"line":327,"column":80}},"327":{"start":{"line":328,"column":0},"end":{"line":328,"column":25}},"328":{"start":{"line":329,"column":0},"end":{"line":329,"column":82}},"329":{"start":{"line":330,"column":0},"end":{"line":330,"column":37}},"330":{"start":{"line":331,"column":0},"end":{"line":331,"column":43}},"331":{"start":{"line":332,"column":0},"end":{"line":332,"column":34}},"332":{"start":{"line":333,"column":0},"end":{"line":333,"column":45}},"333":{"start":{"line":334,"column":0},"end":{"line":334,"column":12}},"334":{"start":{"line":335,"column":0},"end":{"line":335,"column":19}},"337":{"start":{"line":338,"column":0},"end":{"line":338,"column":37}},"338":{"start":{"line":339,"column":0},"end":{"line":339,"column":80}},"339":{"start":{"line":340,"column":0},"end":{"line":340,"column":29}},"340":{"start":{"line":341,"column":0},"end":{"line":341,"column":87}},"341":{"start":{"line":342,"column":0},"end":{"line":342,"column":39}},"342":{"start":{"line":343,"column":0},"end":{"line":343,"column":12}},"343":{"start":{"line":344,"column":0},"end":{"line":344,"column":19}},"345":{"start":{"line":346,"column":0},"end":{"line":346,"column":10}},"347":{"start":{"line":348,"column":0},"end":{"line":348,"column":1}},"349":{"start":{"line":350,"column":0},"end":{"line":350,"column":38}}},"s":{"0":0,"1":0,"2":0,"3":0,"4":0,"5":0,"6":0,"7":0,"8":0,"9":0,"10":0,"11":0,"12":0,"13":0,"15":0,"17":0,"18":0,"19":0,"20":0,"21":0,"22":0,"23":0,"24":0,"25":0,"26":0,"27":0,"28":0,"29":0,"32":0,"33":0,"34":0,"35":0,"38":0,"39":0,"40":0,"43":0,"44":0,"46":0,"47":0,"48":0,"49":0,"50":0,"51":0,"52":0,"53":0,"55":0,"56":0,"57":0,"58":0,"59":0,"60":0,"61":0,"62":0,"63":0,"64":0,"65":0,"67":0,"68":0,"71":0,"72":0,"73":0,"74":0,"77":0,"78":0,"80":0,"81":0,"82":0,"83":0,"84":0,"85":0,"86":0,"89":0,"90":0,"91":0,"92":0,"93":0,"94":0,"95":0,"98":0,"99":0,"100":0,"101":0,"102":0,"105":0,"106":0,"107":0,"108":0,"109":0,"111":0,"112":0,"113":0,"116":0,"117":0,"119":0,"120":0,"121":0,"122":0,"123":0,"125":0,"126":0,"127":0,"130":0,"131":0,"132":0,"134":0,"135":0,"136":0,"138":0,"139":0,"141":0,"142":0,"143":0,"144":0,"145":0,"146":0,"147":0,"148":0,"149":0,"150":0,"151":0,"152":0,"153":0,"154":0,"155":0,"156":0,"157":0,"158":0,"159":0,"160":0,"162":0,"163":0,"164":0,"165":0,"167":0,"168":0,"169":0,"171":0,"172":0,"173":0,"174":0,"175":0,"176":0,"177":0,"178":0,"179":0,"180":0,"182":0,"183":0,"184":0,"185":0,"186":0,"187":0,"189":0,"190":0,"191":0,"193":0,"194":0,"195":0,"196":0,"197":0,"198":0,"200":0,"201":0,"202":0,"203":0,"204":0,"205":0,"207":0,"208":0,"209":0,"212":0,"213":0,"214":0,"215":0,"216":0,"219":0,"220":0,"221":0,"224":0,"225":0,"226":0,"229":0,"230":0,"231":0,"232":0,"233":0,"236":0,"238":0,"239":0,"240":0,"241":0,"242":0,"243":0,"244":0,"246":0,"247":0,"248":0,"249":0,"252":0,"253":0,"254":0,"255":0,"256":0,"258":0,"259":0,"260":0,"261":0,"262":0,"263":0,"264":0,"265":0,"267":0,"268":0,"269":0,"271":0,"273":0,"274":0,"276":0,"277":0,"278":0,"279":0,"281":0,"283":0,"284":0,"285":0,"286":0,"287":0,"288":0,"289":0,"290":0,"292":0,"294":0,"296":0,"297":0,"298":0,"299":0,"300":0,"301":0,"303":0,"304":0,"305":0,"306":0,"307":0,"308":0,"309":0,"310":0,"311":0,"312":0,"313":0,"315":0,"316":0,"317":0,"318":0,"319":0,"320":0,"321":0,"323":0,"325":0,"326":0,"327":0,"328":0,"329":0,"330":0,"331":0,"332":0,"333":0,"334":0,"337":0,"338":0,"339":0,"340":0,"341":0,"342":0,"343":0,"345":0,"347":0,"349":0},"branchMap":{"0":{"type":"branch","line":1,"loc":{"start":{"line":1,"column":0},"end":{"line":350,"column":-2316}},"locations":[{"start":{"line":1,"column":0},"end":{"line":350,"column":-2316}}]}},"b":{"0":[0]},"fnMap":{"0":{"name":"(empty-report)","decl":{"start":{"line":1,"column":0},"end":{"line":350,"column":-2316}},"loc":{"start":{"line":1,"column":0},"end":{"line":350,"column":-2316}},"line":1}},"f":{"0":0}}
,"/Users/ciepolml/Projects/marlink-ai-tools/index.tsx": {"path":"/Users/ciepolml/Projects/marlink-ai-tools/index.tsx","all":true,"statementMap":{"0":{"start":{"line":1,"column":0},"end":{"line":1,"column":0}},"1":{"start":{"line":2,"column":0},"end":{"line":2,"column":26}},"2":{"start":{"line":3,"column":0},"end":{"line":3,"column":40}},"3":{"start":{"line":4,"column":0},"end":{"line":4,"column":24}},"5":{"start":{"line":6,"column":0},"end":{"line":6,"column":52}},"6":{"start":{"line":7,"column":0},"end":{"line":7,"column":19}},"7":{"start":{"line":8,"column":0},"end":{"line":8,"column":61}},"8":{"start":{"line":9,"column":0},"end":{"line":9,"column":1}},"10":{"start":{"line":11,"column":0},"end":{"line":11,"column":46}},"11":{"start":{"line":12,"column":0},"end":{"line":12,"column":12}},"12":{"start":{"line":13,"column":0},"end":{"line":13,"column":20}},"13":{"start":{"line":14,"column":0},"end":{"line":14,"column":11}},"14":{"start":{"line":15,"column":0},"end":{"line":15,"column":21}},"15":{"start":{"line":16,"column":0},"end":{"line":16,"column":2}}},"s":{"0":0,"1":0,"2":0,"3":0,"5":0,"6":0,"7":0,"8":0,"10":0,"11":0,"12":0,"13":0,"14":0,"15":0},"branchMap":{"0":{"type":"branch","line":1,"loc":{"start":{"line":1,"column":350},"end":{"line":16,"column":2}},"locations":[{"start":{"line":1,"column":350},"end":{"line":16,"column":2}}]}},"b":{"0":[0]},"fnMap":{"0":{"name":"(empty-report)","decl":{"start":{"line":1,"column":350},"end":{"line":16,"column":2}},"loc":{"start":{"line":1,"column":350},"end":{"line":16,"column":2}},"line":1}},"f":{"0":0}}
,"/Users/ciepolml/Projects/marlink-ai-tools/types.ts": {"path":"/Users/ciepolml/Projects/marlink-ai-tools/types.ts","all":false,"statementMap":{"0":{"start":{"line":1,"column":0},"end":{"line":1,"column":23}},"18":{"start":{"line":19,"column":0},"end":{"line":19,"column":19}},"19":{"start":{"line":20,"column":0},"end":{"line":20,"column":18}},"20":{"start":{"line":21,"column":0},"end":{"line":21,"column":16}}},"s":{"0":1,"18":1,"19":1,"20":1},"branchMap":{"0":{"type":"branch","line":19,"loc":{"start":{"line":19,"column":7},"end":{"line":19,"column":19}},"locations":[{"start":{"line":19,"column":7},"end":{"line":19,"column":19}}]}},"b":{"0":[1]},"fnMap":{},"f":{}}
,"/Users/ciepolml/Projects/marlink-ai-tools/components/AdminPanel.tsx": {"path":"/Users/ciepolml/Projects/marlink-ai-tools/components/AdminPanel.tsx","all":true,"statementMap":{"0":{"start":{"line":1,"column":0},"end":{"line":1,"column":40}},"1":{"start":{"line":2,"column":0},"end":{"line":2,"column":59}},"24":{"start":{"line":25,"column":0},"end":{"line":25,"column":107}},"25":{"start":{"line":26,"column":0},"end":{"line":26,"column":56}},"26":{"start":{"line":27,"column":0},"end":{"line":27,"column":49}},"27":{"start":{"line":28,"column":0},"end":{"line":28,"column":49}},"28":{"start":{"line":29,"column":0},"end":{"line":29,"column":53}},"29":{"start":{"line":30,"column":0},"end":{"line":30,"column":70}},"31":{"start":{"line":32,"column":0},"end":{"line":32,"column":39}},"32":{"start":{"line":33,"column":0},"end":{"line":33,"column":60}},"33":{"start":{"line":34,"column":0},"end":{"line":34,"column":47}},"34":{"start":{"line":35,"column":0},"end":{"line":35,"column":86}},"35":{"start":{"line":36,"column":0},"end":{"line":36,"column":43}},"36":{"start":{"line":37,"column":0},"end":{"line":37,"column":70}},"38":{"start":{"line":39,"column":0},"end":{"line":39,"column":49}},"39":{"start":{"line":40,"column":0},"end":{"line":40,"column":27}},"40":{"start":{"line":41,"column":0},"end":{"line":41,"column":65}},"41":{"start":{"line":42,"column":0},"end":{"line":42,"column":32}},"42":{"start":{"line":43,"column":0},"end":{"line":43,"column":30}},"43":{"start":{"line":44,"column":0},"end":{"line":44,"column":28}},"44":{"start":{"line":45,"column":0},"end":{"line":45,"column":28}},"45":{"start":{"line":46,"column":0},"end":{"line":46,"column":16}},"46":{"start":{"line":47,"column":0},"end":{"line":47,"column":68}},"47":{"start":{"line":48,"column":0},"end":{"line":48,"column":9}},"48":{"start":{"line":49,"column":0},"end":{"line":49,"column":6}},"50":{"start":{"line":51,"column":0},"end":{"line":51,"column":32}},"51":{"start":{"line":52,"column":0},"end":{"line":52,"column":29}},"53":{"start":{"line":54,"column":0},"end":{"line":54,"column":19}},"54":{"start":{"line":55,"column":0},"end":{"line":55,"column":31}},"55":{"start":{"line":56,"column":0},"end":{"line":56,"column":23}},"56":{"start":{"line":57,"column":0},"end":{"line":57,"column":32}},"57":{"start":{"line":58,"column":0},"end":{"line":58,"column":21}},"58":{"start":{"line":59,"column":0},"end":{"line":59,"column":36}},"59":{"start":{"line":60,"column":0},"end":{"line":60,"column":6}},"61":{"start":{"line":62,"column":0},"end":{"line":62,"column":94}},"62":{"start":{"line":63,"column":0},"end":{"line":63,"column":45}},"63":{"start":{"line":64,"column":0},"end":{"line":64,"column":19}},"64":{"start":{"line":65,"column":0},"end":{"line":65,"column":44}},"65":{"start":{"line":66,"column":0},"end":{"line":66,"column":36}},"66":{"start":{"line":67,"column":0},"end":{"line":67,"column":60}},"67":{"start":{"line":68,"column":0},"end":{"line":68,"column":62}},"68":{"start":{"line":69,"column":0},"end":{"line":69,"column":27}},"69":{"start":{"line":70,"column":0},"end":{"line":70,"column":62}},"70":{"start":{"line":71,"column":0},"end":{"line":71,"column":46}},"71":{"start":{"line":72,"column":0},"end":{"line":72,"column":47}},"72":{"start":{"line":73,"column":0},"end":{"line":73,"column":17}},"73":{"start":{"line":74,"column":0},"end":{"line":74,"column":14}},"74":{"start":{"line":75,"column":0},"end":{"line":75,"column":39}},"75":{"start":{"line":76,"column":0},"end":{"line":76,"column":9}},"76":{"start":{"line":77,"column":0},"end":{"line":77,"column":6}},"78":{"start":{"line":79,"column":0},"end":{"line":79,"column":64}},"79":{"start":{"line":80,"column":0},"end":{"line":80,"column":27}},"80":{"start":{"line":81,"column":0},"end":{"line":81,"column":19}},"81":{"start":{"line":82,"column":0},"end":{"line":82,"column":50}},"82":{"start":{"line":83,"column":0},"end":{"line":83,"column":19}},"83":{"start":{"line":84,"column":0},"end":{"line":84,"column":9}},"84":{"start":{"line":85,"column":0},"end":{"line":85,"column":30}},"85":{"start":{"line":86,"column":0},"end":{"line":86,"column":51}},"86":{"start":{"line":87,"column":0},"end":{"line":87,"column":21}},"87":{"start":{"line":88,"column":0},"end":{"line":88,"column":32}},"89":{"start":{"line":90,"column":0},"end":{"line":90,"column":13}},"90":{"start":{"line":91,"column":0},"end":{"line":91,"column":111}},"91":{"start":{"line":92,"column":0},"end":{"line":92,"column":82}},"93":{"start":{"line":94,"column":0},"end":{"line":94,"column":28}},"94":{"start":{"line":95,"column":0},"end":{"line":95,"column":142}},"106":{"start":{"line":107,"column":0},"end":{"line":107,"column":63}},"107":{"start":{"line":108,"column":0},"end":{"line":108,"column":51}},"108":{"start":{"line":109,"column":0},"end":{"line":109,"column":52}},"110":{"start":{"line":111,"column":0},"end":{"line":111,"column":51}},"111":{"start":{"line":112,"column":0},"end":{"line":112,"column":81}},"112":{"start":{"line":113,"column":0},"end":{"line":113,"column":13}},"114":{"start":{"line":115,"column":0},"end":{"line":115,"column":74}},"115":{"start":{"line":116,"column":0},"end":{"line":116,"column":46}},"116":{"start":{"line":117,"column":0},"end":{"line":117,"column":71}},"118":{"start":{"line":119,"column":0},"end":{"line":119,"column":23}},"119":{"start":{"line":120,"column":0},"end":{"line":120,"column":139}},"120":{"start":{"line":121,"column":0},"end":{"line":121,"column":27}},"121":{"start":{"line":122,"column":0},"end":{"line":122,"column":19}},"122":{"start":{"line":123,"column":0},"end":{"line":123,"column":35}},"123":{"start":{"line":124,"column":0},"end":{"line":124,"column":9}},"124":{"start":{"line":125,"column":0},"end":{"line":125,"column":6}},"126":{"start":{"line":127,"column":0},"end":{"line":127,"column":33}},"127":{"start":{"line":128,"column":0},"end":{"line":128,"column":44}},"129":{"start":{"line":130,"column":0},"end":{"line":130,"column":43}},"130":{"start":{"line":131,"column":0},"end":{"line":131,"column":30}},"131":{"start":{"line":132,"column":0},"end":{"line":132,"column":16}},"132":{"start":{"line":133,"column":0},"end":{"line":133,"column":98}},"133":{"start":{"line":134,"column":0},"end":{"line":134,"column":59}},"134":{"start":{"line":135,"column":0},"end":{"line":135,"column":10}},"135":{"start":{"line":136,"column":0},"end":{"line":136,"column":27}},"136":{"start":{"line":137,"column":0},"end":{"line":137,"column":18}},"137":{"start":{"line":138,"column":0},"end":{"line":138,"column":35}},"138":{"start":{"line":139,"column":0},"end":{"line":139,"column":6}},"140":{"start":{"line":141,"column":0},"end":{"line":141,"column":46}},"141":{"start":{"line":142,"column":0},"end":{"line":142,"column":109}},"142":{"start":{"line":143,"column":0},"end":{"line":143,"column":63}},"143":{"start":{"line":144,"column":0},"end":{"line":144,"column":34}},"144":{"start":{"line":145,"column":0},"end":{"line":145,"column":35}},"145":{"start":{"line":146,"column":0},"end":{"line":146,"column":6}},"149":{"start":{"line":150,"column":0},"end":{"line":150,"column":37}},"150":{"start":{"line":151,"column":0},"end":{"line":151,"column":36}},"152":{"start":{"line":153,"column":0},"end":{"line":153,"column":50}},"153":{"start":{"line":154,"column":0},"end":{"line":154,"column":47}},"154":{"start":{"line":155,"column":0},"end":{"line":155,"column":6}},"156":{"start":{"line":157,"column":0},"end":{"line":157,"column":31}},"157":{"start":{"line":158,"column":0},"end":{"line":158,"column":10}},"158":{"start":{"line":159,"column":0},"end":{"line":159,"column":46}},"159":{"start":{"line":160,"column":0},"end":{"line":160,"column":111}},"160":{"start":{"line":161,"column":0},"end":{"line":161,"column":117}},"161":{"start":{"line":162,"column":0},"end":{"line":162,"column":18}},"162":{"start":{"line":163,"column":0},"end":{"line":163,"column":63}},"163":{"start":{"line":164,"column":0},"end":{"line":164,"column":22}},"164":{"start":{"line":165,"column":0},"end":{"line":165,"column":128}},"166":{"start":{"line":167,"column":0},"end":{"line":167,"column":28}},"167":{"start":{"line":168,"column":0},"end":{"line":168,"column":26}},"168":{"start":{"line":169,"column":0},"end":{"line":169,"column":35}},"169":{"start":{"line":170,"column":0},"end":{"line":170,"column":37}},"170":{"start":{"line":171,"column":0},"end":{"line":171,"column":40}},"171":{"start":{"line":172,"column":0},"end":{"line":172,"column":69}},"172":{"start":{"line":173,"column":0},"end":{"line":173,"column":236}},"173":{"start":{"line":174,"column":0},"end":{"line":174,"column":22}},"174":{"start":{"line":175,"column":0},"end":{"line":175,"column":22}},"175":{"start":{"line":176,"column":0},"end":{"line":176,"column":22}},"176":{"start":{"line":177,"column":0},"end":{"line":177,"column":150}},"178":{"start":{"line":179,"column":0},"end":{"line":179,"column":28}},"179":{"start":{"line":180,"column":0},"end":{"line":180,"column":26}},"180":{"start":{"line":181,"column":0},"end":{"line":181,"column":39}},"181":{"start":{"line":182,"column":0},"end":{"line":182,"column":37}},"182":{"start":{"line":183,"column":0},"end":{"line":183,"column":40}},"183":{"start":{"line":184,"column":0},"end":{"line":184,"column":69}},"184":{"start":{"line":185,"column":0},"end":{"line":185,"column":236}},"185":{"start":{"line":186,"column":0},"end":{"line":186,"column":22}},"186":{"start":{"line":187,"column":0},"end":{"line":187,"column":22}},"187":{"start":{"line":188,"column":0},"end":{"line":188,"column":250}},"188":{"start":{"line":189,"column":0},"end":{"line":189,"column":23}},"189":{"start":{"line":190,"column":0},"end":{"line":190,"column":33}},"190":{"start":{"line":191,"column":0},"end":{"line":191,"column":238}},"191":{"start":{"line":192,"column":0},"end":{"line":192,"column":17}},"193":{"start":{"line":194,"column":0},"end":{"line":194,"column":25}},"194":{"start":{"line":195,"column":0},"end":{"line":195,"column":119}},"195":{"start":{"line":196,"column":0},"end":{"line":196,"column":19}},"196":{"start":{"line":197,"column":0},"end":{"line":197,"column":11}},"199":{"start":{"line":200,"column":0},"end":{"line":200,"column":31}},"200":{"start":{"line":201,"column":0},"end":{"line":201,"column":10}},"201":{"start":{"line":202,"column":0},"end":{"line":202,"column":68}},"202":{"start":{"line":203,"column":0},"end":{"line":203,"column":21}},"203":{"start":{"line":204,"column":0},"end":{"line":204,"column":115}},"204":{"start":{"line":205,"column":0},"end":{"line":205,"column":109}},"205":{"start":{"line":206,"column":0},"end":{"line":206,"column":22}},"206":{"start":{"line":207,"column":0},"end":{"line":207,"column":160}},"207":{"start":{"line":208,"column":0},"end":{"line":208,"column":18}},"209":{"start":{"line":210,"column":0},"end":{"line":210,"column":86}},"210":{"start":{"line":211,"column":0},"end":{"line":211,"column":66}},"211":{"start":{"line":212,"column":0},"end":{"line":212,"column":307}},"212":{"start":{"line":213,"column":0},"end":{"line":213,"column":304}},"213":{"start":{"line":214,"column":0},"end":{"line":214,"column":310}},"214":{"start":{"line":215,"column":0},"end":{"line":215,"column":22}},"215":{"start":{"line":216,"column":0},"end":{"line":216,"column":18}},"217":{"start":{"line":218,"column":0},"end":{"line":218,"column":43}},"218":{"start":{"line":219,"column":0},"end":{"line":219,"column":43}},"219":{"start":{"line":220,"column":0},"end":{"line":220,"column":76}},"220":{"start":{"line":221,"column":0},"end":{"line":221,"column":132}},"221":{"start":{"line":222,"column":0},"end":{"line":222,"column":113}},"222":{"start":{"line":223,"column":0},"end":{"line":223,"column":109}},"223":{"start":{"line":224,"column":0},"end":{"line":224,"column":30}},"224":{"start":{"line":225,"column":0},"end":{"line":225,"column":132}},"225":{"start":{"line":226,"column":0},"end":{"line":226,"column":121}},"226":{"start":{"line":227,"column":0},"end":{"line":227,"column":168}},"227":{"start":{"line":228,"column":0},"end":{"line":228,"column":30}},"228":{"start":{"line":229,"column":0},"end":{"line":229,"column":26}},"230":{"start":{"line":231,"column":0},"end":{"line":231,"column":25}},"231":{"start":{"line":232,"column":0},"end":{"line":232,"column":126}},"232":{"start":{"line":233,"column":0},"end":{"line":233,"column":44}},"233":{"start":{"line":234,"column":0},"end":{"line":234,"column":88}},"234":{"start":{"line":235,"column":0},"end":{"line":235,"column":37}},"235":{"start":{"line":236,"column":0},"end":{"line":236,"column":155}},"236":{"start":{"line":237,"column":0},"end":{"line":237,"column":385}},"237":{"start":{"line":238,"column":0},"end":{"line":238,"column":38}},"238":{"start":{"line":239,"column":0},"end":{"line":239,"column":406}},"239":{"start":{"line":240,"column":0},"end":{"line":240,"column":35}},"241":{"start":{"line":242,"column":0},"end":{"line":242,"column":55}},"242":{"start":{"line":243,"column":0},"end":{"line":243,"column":158}},"243":{"start":{"line":244,"column":0},"end":{"line":244,"column":87}},"244":{"start":{"line":245,"column":0},"end":{"line":245,"column":101}},"245":{"start":{"line":246,"column":0},"end":{"line":246,"column":95}},"246":{"start":{"line":247,"column":0},"end":{"line":247,"column":106}},"247":{"start":{"line":248,"column":0},"end":{"line":248,"column":70}},"248":{"start":{"line":249,"column":0},"end":{"line":249,"column":111}},"249":{"start":{"line":250,"column":0},"end":{"line":250,"column":198}},"250":{"start":{"line":251,"column":0},"end":{"line":251,"column":89}},"251":{"start":{"line":252,"column":0},"end":{"line":252,"column":38}},"252":{"start":{"line":253,"column":0},"end":{"line":253,"column":226}},"253":{"start":{"line":254,"column":0},"end":{"line":254,"column":208}},"254":{"start":{"line":255,"column":0},"end":{"line":255,"column":34}},"256":{"start":{"line":257,"column":0},"end":{"line":257,"column":125}},"257":{"start":{"line":258,"column":0},"end":{"line":258,"column":117}},"258":{"start":{"line":259,"column":0},"end":{"line":259,"column":26}},"259":{"start":{"line":260,"column":0},"end":{"line":260,"column":22}},"262":{"start":{"line":263,"column":0},"end":{"line":263,"column":42}},"263":{"start":{"line":264,"column":0},"end":{"line":264,"column":43}},"264":{"start":{"line":265,"column":0},"end":{"line":265,"column":25}},"265":{"start":{"line":266,"column":0},"end":{"line":266,"column":122}},"266":{"start":{"line":267,"column":0},"end":{"line":267,"column":140}},"267":{"start":{"line":268,"column":0},"end":{"line":268,"column":26}},"269":{"start":{"line":270,"column":0},"end":{"line":270,"column":104}},"270":{"start":{"line":271,"column":0},"end":{"line":271,"column":110}},"271":{"start":{"line":272,"column":0},"end":{"line":272,"column":75}},"272":{"start":{"line":273,"column":0},"end":{"line":273,"column":33}},"273":{"start":{"line":274,"column":0},"end":{"line":274,"column":153}},"274":{"start":{"line":275,"column":0},"end":{"line":275,"column":122}},"275":{"start":{"line":276,"column":0},"end":{"line":276,"column":34}},"276":{"start":{"line":277,"column":0},"end":{"line":277,"column":35}},"277":{"start":{"line":278,"column":0},"end":{"line":278,"column":40}},"278":{"start":{"line":279,"column":0},"end":{"line":279,"column":153}},"280":{"start":{"line":281,"column":0},"end":{"line":281,"column":139}},"281":{"start":{"line":282,"column":0},"end":{"line":282,"column":37}},"282":{"start":{"line":283,"column":0},"end":{"line":283,"column":30}},"283":{"start":{"line":284,"column":0},"end":{"line":284,"column":26}},"285":{"start":{"line":286,"column":0},"end":{"line":286,"column":104}},"286":{"start":{"line":287,"column":0},"end":{"line":287,"column":111}},"287":{"start":{"line":288,"column":0},"end":{"line":288,"column":29}},"288":{"start":{"line":289,"column":0},"end":{"line":289,"column":143}},"290":{"start":{"line":291,"column":0},"end":{"line":291,"column":36}},"291":{"start":{"line":292,"column":0},"end":{"line":292,"column":34}},"292":{"start":{"line":293,"column":0},"end":{"line":293,"column":47}},"293":{"start":{"line":294,"column":0},"end":{"line":294,"column":51}},"294":{"start":{"line":295,"column":0},"end":{"line":295,"column":62}},"295":{"start":{"line":296,"column":0},"end":{"line":296,"column":40}},"296":{"start":{"line":297,"column":0},"end":{"line":297,"column":175}},"297":{"start":{"line":298,"column":0},"end":{"line":298,"column":30}},"298":{"start":{"line":299,"column":0},"end":{"line":299,"column":150}},"299":{"start":{"line":300,"column":0},"end":{"line":300,"column":30}},"300":{"start":{"line":301,"column":0},"end":{"line":301,"column":26}},"302":{"start":{"line":303,"column":0},"end":{"line":303,"column":111}},"303":{"start":{"line":304,"column":0},"end":{"line":304,"column":31}},"304":{"start":{"line":305,"column":0},"end":{"line":305,"column":36}},"305":{"start":{"line":306,"column":0},"end":{"line":306,"column":198}},"306":{"start":{"line":307,"column":0},"end":{"line":307,"column":25}},"308":{"start":{"line":309,"column":0},"end":{"line":309,"column":33}},"309":{"start":{"line":310,"column":0},"end":{"line":310,"column":26}},"310":{"start":{"line":311,"column":0},"end":{"line":311,"column":22}},"313":{"start":{"line":314,"column":0},"end":{"line":314,"column":44}},"314":{"start":{"line":315,"column":0},"end":{"line":315,"column":43}},"315":{"start":{"line":316,"column":0},"end":{"line":316,"column":71}},"316":{"start":{"line":317,"column":0},"end":{"line":317,"column":29}},"317":{"start":{"line":318,"column":0},"end":{"line":318,"column":138}},"318":{"start":{"line":319,"column":0},"end":{"line":319,"column":128}},"319":{"start":{"line":320,"column":0},"end":{"line":320,"column":30}},"321":{"start":{"line":322,"column":0},"end":{"line":322,"column":26}},"323":{"start":{"line":324,"column":0},"end":{"line":324,"column":47}},"324":{"start":{"line":325,"column":0},"end":{"line":325,"column":46}},"325":{"start":{"line":326,"column":0},"end":{"line":326,"column":174}},"326":{"start":{"line":327,"column":0},"end":{"line":327,"column":36}},"327":{"start":{"line":328,"column":0},"end":{"line":328,"column":84}},"328":{"start":{"line":329,"column":0},"end":{"line":329,"column":51}},"329":{"start":{"line":330,"column":0},"end":{"line":330,"column":120}},"330":{"start":{"line":331,"column":0},"end":{"line":331,"column":34}},"331":{"start":{"line":332,"column":0},"end":{"line":332,"column":56}},"332":{"start":{"line":333,"column":0},"end":{"line":333,"column":107}},"333":{"start":{"line":334,"column":0},"end":{"line":334,"column":156}},"334":{"start":{"line":335,"column":0},"end":{"line":335,"column":38}},"335":{"start":{"line":336,"column":0},"end":{"line":336,"column":60}},"336":{"start":{"line":337,"column":0},"end":{"line":337,"column":43}},"337":{"start":{"line":338,"column":0},"end":{"line":338,"column":56}},"338":{"start":{"line":339,"column":0},"end":{"line":339,"column":113}},"339":{"start":{"line":340,"column":0},"end":{"line":340,"column":70}},"340":{"start":{"line":341,"column":0},"end":{"line":341,"column":71}},"341":{"start":{"line":342,"column":0},"end":{"line":342,"column":42}},"342":{"start":{"line":343,"column":0},"end":{"line":343,"column":126}},"343":{"start":{"line":344,"column":0},"end":{"line":344,"column":37}},"345":{"start":{"line":346,"column":0},"end":{"line":346,"column":45}},"346":{"start":{"line":347,"column":0},"end":{"line":347,"column":43}},"347":{"start":{"line":348,"column":0},"end":{"line":348,"column":78}},"348":{"start":{"line":349,"column":0},"end":{"line":349,"column":132}},"349":{"start":{"line":350,"column":0},"end":{"line":350,"column":37}},"351":{"start":{"line":352,"column":0},"end":{"line":352,"column":45}},"352":{"start":{"line":353,"column":0},"end":{"line":353,"column":147}},"354":{"start":{"line":355,"column":0},"end":{"line":355,"column":46}},"355":{"start":{"line":356,"column":0},"end":{"line":356,"column":55}},"356":{"start":{"line":357,"column":0},"end":{"line":357,"column":60}},"357":{"start":{"line":358,"column":0},"end":{"line":358,"column":90}},"358":{"start":{"line":359,"column":0},"end":{"line":359,"column":62}},"359":{"start":{"line":360,"column":0},"end":{"line":360,"column":42}},"360":{"start":{"line":361,"column":0},"end":{"line":361,"column":44}},"361":{"start":{"line":362,"column":0},"end":{"line":362,"column":38}},"362":{"start":{"line":363,"column":0},"end":{"line":363,"column":34}},"363":{"start":{"line":364,"column":0},"end":{"line":364,"column":27}},"364":{"start":{"line":365,"column":0},"end":{"line":365,"column":26}},"366":{"start":{"line":367,"column":0},"end":{"line":367,"column":43}},"367":{"start":{"line":368,"column":0},"end":{"line":368,"column":115}},"368":{"start":{"line":369,"column":0},"end":{"line":369,"column":35}},"369":{"start":{"line":370,"column":0},"end":{"line":370,"column":59}},"370":{"start":{"line":371,"column":0},"end":{"line":371,"column":132}},"371":{"start":{"line":372,"column":0},"end":{"line":372,"column":29}},"373":{"start":{"line":374,"column":0},"end":{"line":374,"column":37}},"374":{"start":{"line":375,"column":0},"end":{"line":375,"column":30}},"376":{"start":{"line":377,"column":0},"end":{"line":377,"column":22}},"378":{"start":{"line":379,"column":0},"end":{"line":379,"column":11}},"381":{"start":{"line":382,"column":0},"end":{"line":382,"column":12}},"382":{"start":{"line":383,"column":0},"end":{"line":383,"column":127}},"383":{"start":{"line":384,"column":0},"end":{"line":384,"column":161}},"384":{"start":{"line":385,"column":0},"end":{"line":385,"column":24}},"385":{"start":{"line":386,"column":0},"end":{"line":386,"column":37}},"386":{"start":{"line":387,"column":0},"end":{"line":387,"column":128}},"387":{"start":{"line":388,"column":0},"end":{"line":388,"column":50}},"389":{"start":{"line":390,"column":0},"end":{"line":390,"column":134}},"390":{"start":{"line":391,"column":0},"end":{"line":391,"column":118}},"391":{"start":{"line":392,"column":0},"end":{"line":392,"column":26}},"392":{"start":{"line":393,"column":0},"end":{"line":393,"column":25}},"393":{"start":{"line":394,"column":0},"end":{"line":394,"column":60}},"394":{"start":{"line":395,"column":0},"end":{"line":395,"column":18}},"395":{"start":{"line":396,"column":0},"end":{"line":396,"column":14}},"397":{"start":{"line":398,"column":0},"end":{"line":398,"column":2}},"399":{"start":{"line":400,"column":0},"end":{"line":400,"column":26}}},"s":{"0":0,"1":0,"24":0,"25":0,"26":0,"27":0,"28":0,"29":0,"31":0,"32":0,"33":0,"34":0,"35":0,"36":0,"38":0,"39":0,"40":0,"41":0,"42":0,"43":0,"44":0,"45":0,"46":0,"47":0,"48":0,"50":0,"51":0,"53":0,"54":0,"55":0,"56":0,"57":0,"58":0,"59":0,"61":0,"62":0,"63":0,"64":0,"65":0,"66":0,"67":0,"68":0,"69":0,"70":0,"71":0,"72":0,"73":0,"74":0,"75":0,"76":0,"78":0,"79":0,"80":0,"81":0,"82":0,"83":0,"84":0,"85":0,"86":0,"87":0,"89":0,"90":0,"91":0,"93":0,"94":0,"106":0,"107":0,"108":0,"110":0,"111":0,"112":0,"114":0,"115":0,"116":0,"118":0,"119":0,"120":0,"121":0,"122":0,"123":0,"124":0,"126":0,"127":0,"129":0,"130":0,"131":0,"132":0,"133":0,"134":0,"135":0,"136":0,"137":0,"138":0,"140":0,"141":0,"142":0,"143":0,"144":0,"145":0,"149":0,"150":0,"152":0,"153":0,"154":0,"156":0,"157":0,"158":0,"159":0,"160":0,"161":0,"162":0,"163":0,"164":0,"166":0,"167":0,"168":0,"169":0,"170":0,"171":0,"172":0,"173":0,"174":0,"175":0,"176":0,"178":0,"179":0,"180":0,"181":0,"182":0,"183":0,"184":0,"185":0,"186":0,"187":0,"188":0,"189":0,"190":0,"191":0,"193":0,"194":0,"195":0,"196":0,"199":0,"200":0,"201":0,"202":0,"203":0,"204":0,"205":0,"206":0,"207":0,"209":0,"210":0,"211":0,"212":0,"213":0,"214":0,"215":0,"217":0,"218":0,"219":0,"220":0,"221":0,"222":0,"223":0,"224":0,"225":0,"226":0,"227":0,"228":0,"230":0,"231":0,"232":0,"233":0,"234":0,"235":0,"236":0,"237":0,"238":0,"239":0,"241":0,"242":0,"243":0,"244":0,"245":0,"246":0,"247":0,"248":0,"249":0,"250":0,"251":0,"252":0,"253":0,"254":0,"256":0,"257":0,"258":0,"259":0,"262":0,"263":0,"264":0,"265":0,"266":0,"267":0,"269":0,"270":0,"271":0,"272":0,"273":0,"274":0,"275":0,"276":0,"277":0,"278":0,"280":0,"281":0,"282":0,"283":0,"285":0,"286":0,"287":0,"288":0,"290":0,"291":0,"292":0,"293":0,"294":0,"295":0,"296":0,"297":0,"298":0,"299":0,"300":0,"302":0,"303":0,"304":0,"305":0,"306":0,"308":0,"309":0,"310":0,"313":0,"314":0,"315":0,"316":0,"317":0,"318":0,"319":0,"321":0,"323":0,"324":0,"325":0,"326":0,"327":0,"328":0,"329":0,"330":0,"331":0,"332":0,"333":0,"334":0,"335":0,"336":0,"337":0,"338":0,"339":0,"340":0,"341":0,"342":0,"343":0,"345":0,"346":0,"347":0,"348":0,"349":0,"351":0,"352":0,"354":0,"355":0,"356":0,"357":0,"358":0,"359":0,"360":0,"361":0,"362":0,"363":0,"364":0,"366":0,"367":0,"368":0,"369":0,"370":0,"371":0,"373":0,"374":0,"376":0,"378":0,"381":0,"382":0,"383":0,"384":0,"385":0,"386":0,"387":0,"389":0,"390":0,"391":0,"392":0,"393":0,"394":0,"395":0,"397":0,"399":0},"branchMap":{"0":{"type":"branch","line":1,"loc":{"start":{"line":1,"column":0},"end":{"line":400,"column":-9751}},"locations":[{"start":{"line":1,"column":0},"end":{"line":400,"column":-9751}}]}},"b":{"0":[0]},"fnMap":{"0":{"name":"(empty-report)","decl":{"start":{"line":1,"column":0},"end":{"line":400,"column":-9751}},"loc":{"start":{"line":1,"column":0},"end":{"line":400,"column":-9751}},"line":1}},"f":{"0":0}}
,"/Users/ciepolml/Projects/marlink-ai-tools/components/FeaturedTools.tsx": {"path":"/Users/ciepolml/Projects/marlink-ai-tools/components/FeaturedTools.tsx","all":true,"statementMap":{"0":{"start":{"line":1,"column":0},"end":{"line":1,"column":36}},"2":{"start":{"line":3,"column":0},"end":{"line":3,"column":34}},"3":{"start":{"line":4,"column":0},"end":{"line":4,"column":32}},"11":{"start":{"line":12,"column":0},"end":{"line":12,"column":28}},"12":{"start":{"line":13,"column":0},"end":{"line":13,"column":180}},"13":{"start":{"line":14,"column":0},"end":{"line":14,"column":96}},"14":{"start":{"line":15,"column":0},"end":{"line":15,"column":10}},"18":{"start":{"line":19,"column":0},"end":{"line":19,"column":93}},"20":{"start":{"line":21,"column":0},"end":{"line":21,"column":12}},"21":{"start":{"line":22,"column":0},"end":{"line":22,"column":74}},"22":{"start":{"line":23,"column":0},"end":{"line":23,"column":95}},"23":{"start":{"line":24,"column":0},"end":{"line":24,"column":21}},"24":{"start":{"line":25,"column":0},"end":{"line":25,"column":128}},"25":{"start":{"line":26,"column":0},"end":{"line":26,"column":40}},"27":{"start":{"line":28,"column":0},"end":{"line":28,"column":25}},"28":{"start":{"line":29,"column":0},"end":{"line":29,"column":79}},"30":{"start":{"line":31,"column":0},"end":{"line":31,"column":24}},"31":{"start":{"line":32,"column":0},"end":{"line":32,"column":22}},"32":{"start":{"line":33,"column":0},"end":{"line":33,"column":18}},"33":{"start":{"line":34,"column":0},"end":{"line":34,"column":38}},"34":{"start":{"line":35,"column":0},"end":{"line":35,"column":95}},"35":{"start":{"line":36,"column":0},"end":{"line":36,"column":40}},"36":{"start":{"line":37,"column":0},"end":{"line":37,"column":130}},"37":{"start":{"line":38,"column":0},"end":{"line":38,"column":23}},"38":{"start":{"line":39,"column":0},"end":{"line":39,"column":22}},"40":{"start":{"line":41,"column":0},"end":{"line":41,"column":79}},"41":{"start":{"line":42,"column":0},"end":{"line":42,"column":18}},"43":{"start":{"line":44,"column":0},"end":{"line":44,"column":2}},"45":{"start":{"line":46,"column":0},"end":{"line":46,"column":35}}},"s":{"0":0,"2":0,"3":0,"11":0,"12":0,"13":0,"14":0,"18":0,"20":0,"21":0,"22":0,"23":0,"24":0,"25":0,"27":0,"28":0,"30":0,"31":0,"32":0,"33":0,"34":0,"35":0,"36":0,"37":0,"38":0,"40":0,"41":0,"43":0,"45":0},"branchMap":{"0":{"type":"branch","line":1,"loc":{"start":{"line":1,"column":0},"end":{"line":46,"column":-799}},"locations":[{"start":{"line":1,"column":0},"end":{"line":46,"column":-799}}]}},"b":{"0":[0]},"fnMap":{"0":{"name":"(empty-report)","decl":{"start":{"line":1,"column":0},"end":{"line":46,"column":-799}},"loc":{"start":{"line":1,"column":0},"end":{"line":46,"column":-799}},"line":1}},"f":{"0":0}}
,"/Users/ciepolml/Projects/marlink-ai-tools/components/FilterBar.tsx": {"path":"/Users/ciepolml/Projects/marlink-ai-tools/components/FilterBar.tsx","all":false,"statementMap":{"0":{"start":{"line":1,"column":0},"end":{"line":1,"column":70}},"3":{"start":{"line":4,"column":0},"end":{"line":4,"column":122}},"4":{"start":{"line":5,"column":0},"end":{"line":5,"column":65}},"18":{"start":{"line":19,"column":0},"end":{"line":19,"column":377}},"19":{"start":{"line":20,"column":0},"end":{"line":20,"column":315}},"20":{"start":{"line":21,"column":0},"end":{"line":21,"column":339}},"22":{"start":{"line":23,"column":0},"end":{"line":23,"column":480}},"23":{"start":{"line":24,"column":0},"end":{"line":24,"column":248}},"24":{"start":{"line":25,"column":0},"end":{"line":25,"column":251}},"27":{"start":{"line":28,"column":0},"end":{"line":28,"column":107}},"28":{"start":{"line":29,"column":0},"end":{"line":29,"column":121}},"30":{"start":{"line":31,"column":0},"end":{"line":31,"column":191}},"31":{"start":{"line":32,"column":0},"end":{"line":32,"column":74}},"32":{"start":{"line":33,"column":0},"end":{"line":33,"column":58}},"34":{"start":{"line":35,"column":0},"end":{"line":35,"column":124}},"37":{"start":{"line":38,"column":0},"end":{"line":38,"column":21}},"38":{"start":{"line":39,"column":0},"end":{"line":39,"column":47}},"39":{"start":{"line":40,"column":0},"end":{"line":40,"column":33}},"40":{"start":{"line":41,"column":0},"end":{"line":41,"column":9}},"42":{"start":{"line":43,"column":0},"end":{"line":43,"column":44}},"43":{"start":{"line":44,"column":0},"end":{"line":44,"column":45}},"44":{"start":{"line":45,"column":0},"end":{"line":45,"column":34}},"45":{"start":{"line":46,"column":0},"end":{"line":46,"column":40}},"47":{"start":{"line":48,"column":0},"end":{"line":48,"column":45}},"48":{"start":{"line":49,"column":0},"end":{"line":49,"column":56}},"51":{"start":{"line":52,"column":0},"end":{"line":52,"column":21}},"52":{"start":{"line":53,"column":0},"end":{"line":53,"column":41}},"53":{"start":{"line":54,"column":0},"end":{"line":54,"column":22}},"55":{"start":{"line":56,"column":0},"end":{"line":56,"column":88}},"56":{"start":{"line":57,"column":0},"end":{"line":57,"column":44}},"57":{"start":{"line":58,"column":0},"end":{"line":58,"column":11}},"59":{"start":{"line":60,"column":0},"end":{"line":60,"column":52}},"60":{"start":{"line":61,"column":0},"end":{"line":61,"column":130}},"61":{"start":{"line":62,"column":0},"end":{"line":62,"column":21}},"62":{"start":{"line":63,"column":0},"end":{"line":63,"column":98}},"63":{"start":{"line":64,"column":0},"end":{"line":64,"column":118}},"64":{"start":{"line":65,"column":0},"end":{"line":65,"column":11}},"66":{"start":{"line":67,"column":0},"end":{"line":67,"column":56}},"67":{"start":{"line":68,"column":0},"end":{"line":68,"column":79}},"68":{"start":{"line":69,"column":0},"end":{"line":69,"column":21}},"69":{"start":{"line":70,"column":0},"end":{"line":70,"column":74}},"70":{"start":{"line":71,"column":0},"end":{"line":71,"column":71}},"71":{"start":{"line":72,"column":0},"end":{"line":72,"column":11}},"73":{"start":{"line":74,"column":0},"end":{"line":74,"column":12}},"74":{"start":{"line":75,"column":0},"end":{"line":75,"column":130}},"75":{"start":{"line":76,"column":0},"end":{"line":76,"column":75}},"76":{"start":{"line":77,"column":0},"end":{"line":77,"column":21}},"77":{"start":{"line":78,"column":0},"end":{"line":78,"column":150}},"78":{"start":{"line":79,"column":0},"end":{"line":79,"column":32}},"79":{"start":{"line":80,"column":0},"end":{"line":80,"column":45}},"81":{"start":{"line":82,"column":0},"end":{"line":82,"column":45}},"82":{"start":{"line":83,"column":0},"end":{"line":83,"column":48}},"83":{"start":{"line":84,"column":0},"end":{"line":84,"column":32}},"84":{"start":{"line":85,"column":0},"end":{"line":85,"column":36}},"85":{"start":{"line":86,"column":0},"end":{"line":86,"column":42}},"86":{"start":{"line":87,"column":0},"end":{"line":87,"column":66}},"87":{"start":{"line":88,"column":0},"end":{"line":88,"column":199}},"88":{"start":{"line":89,"column":0},"end":{"line":89,"column":65}},"89":{"start":{"line":90,"column":0},"end":{"line":90,"column":86}},"91":{"start":{"line":92,"column":0},"end":{"line":92,"column":40}},"92":{"start":{"line":93,"column":0},"end":{"line":93,"column":37}},"93":{"start":{"line":94,"column":0},"end":{"line":94,"column":37}},"95":{"start":{"line":96,"column":0},"end":{"line":96,"column":23}},"96":{"start":{"line":97,"column":0},"end":{"line":97,"column":22}},"98":{"start":{"line":99,"column":0},"end":{"line":99,"column":107}},"99":{"start":{"line":100,"column":0},"end":{"line":100,"column":73}},"100":{"start":{"line":101,"column":0},"end":{"line":101,"column":74}},"102":{"start":{"line":103,"column":0},"end":{"line":103,"column":32}},"103":{"start":{"line":104,"column":0},"end":{"line":104,"column":31}},"104":{"start":{"line":105,"column":0},"end":{"line":105,"column":45}},"105":{"start":{"line":106,"column":0},"end":{"line":106,"column":41}},"106":{"start":{"line":107,"column":0},"end":{"line":107,"column":52}},"107":{"start":{"line":108,"column":0},"end":{"line":108,"column":57}},"108":{"start":{"line":109,"column":0},"end":{"line":109,"column":64}},"109":{"start":{"line":110,"column":0},"end":{"line":110,"column":390}},"110":{"start":{"line":111,"column":0},"end":{"line":111,"column":65}},"111":{"start":{"line":112,"column":0},"end":{"line":112,"column":26}},"112":{"start":{"line":113,"column":0},"end":{"line":113,"column":41}},"113":{"start":{"line":114,"column":0},"end":{"line":114,"column":97}},"114":{"start":{"line":115,"column":0},"end":{"line":115,"column":154}},"115":{"start":{"line":116,"column":0},"end":{"line":116,"column":137}},"116":{"start":{"line":117,"column":0},"end":{"line":117,"column":208}},"117":{"start":{"line":118,"column":0},"end":{"line":118,"column":38}},"118":{"start":{"line":119,"column":0},"end":{"line":119,"column":34}},"120":{"start":{"line":121,"column":0},"end":{"line":121,"column":73}},"121":{"start":{"line":122,"column":0},"end":{"line":122,"column":89}},"122":{"start":{"line":123,"column":0},"end":{"line":123,"column":30}},"123":{"start":{"line":124,"column":0},"end":{"line":124,"column":26}},"124":{"start":{"line":125,"column":0},"end":{"line":125,"column":25}},"125":{"start":{"line":126,"column":0},"end":{"line":126,"column":171}},"126":{"start":{"line":127,"column":0},"end":{"line":127,"column":36}},"127":{"start":{"line":128,"column":0},"end":{"line":128,"column":54}},"129":{"start":{"line":130,"column":0},"end":{"line":130,"column":32}},"130":{"start":{"line":131,"column":0},"end":{"line":131,"column":75}},"131":{"start":{"line":132,"column":0},"end":{"line":132,"column":204}},"132":{"start":{"line":133,"column":0},"end":{"line":133,"column":68}},"133":{"start":{"line":134,"column":0},"end":{"line":134,"column":69}},"135":{"start":{"line":136,"column":0},"end":{"line":136,"column":40}},"136":{"start":{"line":137,"column":0},"end":{"line":137,"column":33}},"137":{"start":{"line":138,"column":0},"end":{"line":138,"column":32}},"138":{"start":{"line":139,"column":0},"end":{"line":139,"column":77}},"139":{"start":{"line":140,"column":0},"end":{"line":140,"column":206}},"140":{"start":{"line":141,"column":0},"end":{"line":141,"column":70}},"141":{"start":{"line":142,"column":0},"end":{"line":142,"column":71}},"143":{"start":{"line":144,"column":0},"end":{"line":144,"column":46}},"144":{"start":{"line":145,"column":0},"end":{"line":145,"column":33}},"145":{"start":{"line":146,"column":0},"end":{"line":146,"column":32}},"146":{"start":{"line":147,"column":0},"end":{"line":147,"column":69}},"147":{"start":{"line":148,"column":0},"end":{"line":148,"column":198}},"148":{"start":{"line":149,"column":0},"end":{"line":149,"column":62}},"149":{"start":{"line":150,"column":0},"end":{"line":150,"column":50}},"151":{"start":{"line":152,"column":0},"end":{"line":152,"column":40}},"152":{"start":{"line":153,"column":0},"end":{"line":153,"column":33}},"153":{"start":{"line":154,"column":0},"end":{"line":154,"column":26}},"154":{"start":{"line":155,"column":0},"end":{"line":155,"column":22}},"156":{"start":{"line":157,"column":0},"end":{"line":157,"column":21}},"157":{"start":{"line":158,"column":0},"end":{"line":158,"column":101}},"158":{"start":{"line":159,"column":0},"end":{"line":159,"column":32}},"159":{"start":{"line":160,"column":0},"end":{"line":160,"column":49}},"161":{"start":{"line":162,"column":0},"end":{"line":162,"column":44}},"162":{"start":{"line":163,"column":0},"end":{"line":163,"column":32}},"163":{"start":{"line":164,"column":0},"end":{"line":164,"column":38}},"164":{"start":{"line":165,"column":0},"end":{"line":165,"column":66}},"165":{"start":{"line":166,"column":0},"end":{"line":166,"column":288}},"166":{"start":{"line":167,"column":0},"end":{"line":167,"column":73}},"167":{"start":{"line":168,"column":0},"end":{"line":168,"column":68}},"169":{"start":{"line":170,"column":0},"end":{"line":170,"column":33}},"170":{"start":{"line":171,"column":0},"end":{"line":171,"column":33}},"171":{"start":{"line":172,"column":0},"end":{"line":172,"column":23}},"172":{"start":{"line":173,"column":0},"end":{"line":173,"column":41}},"173":{"start":{"line":174,"column":0},"end":{"line":174,"column":31}},"174":{"start":{"line":175,"column":0},"end":{"line":175,"column":55}},"175":{"start":{"line":176,"column":0},"end":{"line":176,"column":219}},"176":{"start":{"line":177,"column":0},"end":{"line":177,"column":67}},"177":{"start":{"line":178,"column":0},"end":{"line":178,"column":25}},"179":{"start":{"line":180,"column":0},"end":{"line":180,"column":33}},"181":{"start":{"line":182,"column":0},"end":{"line":182,"column":22}},"182":{"start":{"line":183,"column":0},"end":{"line":183,"column":18}},"183":{"start":{"line":184,"column":0},"end":{"line":184,"column":14}},"185":{"start":{"line":186,"column":0},"end":{"line":186,"column":2}},"187":{"start":{"line":188,"column":0},"end":{"line":188,"column":31}}},"s":{"0":1,"3":1,"4":1,"18":1,"19":1,"20":1,"22":1,"23":1,"24":1,"27":1,"28":1,"30":1,"31":33,"32":33,"34":33,"37":33,"38":22,"39":10,"40":10,"42":22,"43":1,"44":1,"45":22,"47":22,"48":33,"51":33,"52":12,"53":33,"55":33,"56":10,"57":33,"59":33,"60":396,"61":396,"62":66,"63":330,"64":396,"66":33,"67":99,"68":99,"69":33,"70":66,"71":99,"73":33,"74":33,"75":33,"76":33,"77":33,"78":33,"79":33,"81":33,"82":99,"83":99,"84":99,"85":99,"86":99,"87":99,"88":99,"89":99,"91":99,"92":99,"93":99,"95":33,"96":33,"98":33,"99":33,"100":33,"102":33,"103":33,"104":33,"105":33,"106":33,"107":33,"108":33,"109":33,"110":33,"111":33,"112":33,"113":19,"114":19,"115":19,"116":19,"117":19,"118":19,"120":33,"121":33,"122":33,"123":33,"124":33,"125":33,"126":33,"127":33,"129":33,"130":33,"131":33,"132":33,"133":33,"135":33,"136":33,"137":33,"138":33,"139":33,"140":33,"141":33,"143":33,"144":33,"145":33,"146":33,"147":33,"148":33,"149":33,"151":33,"152":33,"153":33,"154":33,"156":33,"157":33,"158":33,"159":33,"161":33,"162":297,"163":297,"164":297,"165":297,"166":297,"167":297,"169":297,"170":297,"171":33,"172":33,"173":1,"174":1,"175":1,"176":1,"177":1,"179":1,"181":33,"182":33,"183":33,"185":33,"187":1},"branchMap":{"0":{"type":"branch","line":19,"loc":{"start":{"line":19,"column":18},"end":{"line":19,"column":377}},"locations":[{"start":{"line":19,"column":18},"end":{"line":19,"column":377}}]},"1":{"type":"branch","line":20,"loc":{"start":{"line":20,"column":19},"end":{"line":20,"column":315}},"locations":[{"start":{"line":20,"column":19},"end":{"line":20,"column":315}}]},"2":{"type":"branch","line":21,"loc":{"start":{"line":21,"column":20},"end":{"line":21,"column":339}},"locations":[{"start":{"line":21,"column":20},"end":{"line":21,"column":339}}]},"3":{"type":"branch","line":23,"loc":{"start":{"line":23,"column":17},"end":{"line":23,"column":480}},"locations":[{"start":{"line":23,"column":17},"end":{"line":23,"column":480}}]},"4":{"type":"branch","line":24,"loc":{"start":{"line":24,"column":23},"end":{"line":24,"column":248}},"locations":[{"start":{"line":24,"column":23},"end":{"line":24,"column":248}}]},"5":{"type":"branch","line":25,"loc":{"start":{"line":25,"column":17},"end":{"line":25,"column":251}},"locations":[{"start":{"line":25,"column":17},"end":{"line":25,"column":251}}]},"6":{"type":"branch","line":31,"loc":{"start":{"line":31,"column":44},"end":{"line":186,"column":2}},"locations":[{"start":{"line":31,"column":44},"end":{"line":186,"column":2}}]},"7":{"type":"branch","line":113,"loc":{"start":{"line":113,"column":25},"end":{"line":119,"column":34}},"locations":[{"start":{"line":113,"column":25},"end":{"line":119,"column":34}}]},"8":{"type":"branch","line":173,"loc":{"start":{"line":173,"column":21},"end":{"line":180,"column":33}},"locations":[{"start":{"line":173,"column":21},"end":{"line":180,"column":33}}]},"9":{"type":"branch","line":38,"loc":{"start":{"line":38,"column":14},"end":{"line":49,"column":7}},"locations":[{"start":{"line":38,"column":14},"end":{"line":49,"column":7}}]},"10":{"type":"branch","line":39,"loc":{"start":{"line":39,"column":46},"end":{"line":41,"column":9}},"locations":[{"start":{"line":39,"column":46},"end":{"line":41,"column":9}}]},"11":{"type":"branch","line":43,"loc":{"start":{"line":43,"column":37},"end":{"line":46,"column":11}},"locations":[{"start":{"line":43,"column":37},"end":{"line":46,"column":11}}]},"12":{"type":"branch","line":48,"loc":{"start":{"line":48,"column":15},"end":{"line":48,"column":45}},"locations":[{"start":{"line":48,"column":15},"end":{"line":48,"column":45}}]},"13":{"type":"branch","line":52,"loc":{"start":{"line":52,"column":14},"end":{"line":54,"column":7}},"locations":[{"start":{"line":52,"column":14},"end":{"line":54,"column":7}}]},"14":{"type":"branch","line":56,"loc":{"start":{"line":56,"column":43},"end":{"line":58,"column":7}},"locations":[{"start":{"line":56,"column":43},"end":{"line":58,"column":7}}]},"15":{"type":"branch","line":60,"loc":{"start":{"line":60,"column":29},"end":{"line":65,"column":11}},"locations":[{"start":{"line":60,"column":29},"end":{"line":65,"column":11}}]},"16":{"type":"branch","line":62,"loc":{"start":{"line":62,"column":12},"end":{"line":63,"column":98}},"locations":[{"start":{"line":62,"column":12},"end":{"line":63,"column":98}}]},"17":{"type":"branch","line":63,"loc":{"start":{"line":63,"column":14},"end":{"line":64,"column":118}},"locations":[{"start":{"line":63,"column":14},"end":{"line":64,"column":118}}]},"18":{"type":"branch","line":67,"loc":{"start":{"line":67,"column":33},"end":{"line":72,"column":11}},"locations":[{"start":{"line":67,"column":33},"end":{"line":72,"column":11}}]},"19":{"type":"branch","line":69,"loc":{"start":{"line":69,"column":12},"end":{"line":70,"column":74}},"locations":[{"start":{"line":69,"column":12},"end":{"line":70,"column":74}}]},"20":{"type":"branch","line":70,"loc":{"start":{"line":70,"column":14},"end":{"line":71,"column":71}},"locations":[{"start":{"line":70,"column":14},"end":{"line":71,"column":71}}]},"21":{"type":"branch","line":82,"loc":{"start":{"line":82,"column":37},"end":{"line":96,"column":21}},"locations":[{"start":{"line":82,"column":37},"end":{"line":96,"column":21}}]},"22":{"type":"branch","line":87,"loc":{"start":{"line":87,"column":41},"end":{"line":87,"column":66}},"locations":[{"start":{"line":87,"column":41},"end":{"line":87,"column":66}}]},"23":{"type":"branch","line":147,"loc":{"start":{"line":147,"column":37},"end":{"line":147,"column":69}},"locations":[{"start":{"line":147,"column":37},"end":{"line":147,"column":69}}]},"24":{"type":"branch","line":162,"loc":{"start":{"line":162,"column":36},"end":{"line":171,"column":33}},"locations":[{"start":{"line":162,"column":36},"end":{"line":171,"column":33}}]},"25":{"type":"branch","line":165,"loc":{"start":{"line":165,"column":37},"end":{"line":165,"column":66}},"locations":[{"start":{"line":165,"column":37},"end":{"line":165,"column":66}}]}},"b":{"0":[24],"1":[24],"2":[24],"3":[24],"4":[24],"5":[24],"6":[33],"7":[19],"8":[1],"9":[22],"10":[10],"11":[1],"12":[22],"13":[12],"14":[10],"15":[396],"16":[66],"17":[330],"18":[99],"19":[33],"20":[66],"21":[99],"22":[1],"23":[1],"24":[297],"25":[2]},"fnMap":{"0":{"name":"DailyIcon","decl":{"start":{"line":19,"column":18},"end":{"line":19,"column":377}},"loc":{"start":{"line":19,"column":18},"end":{"line":19,"column":377}},"line":19},"1":{"name":"WeeklyIcon","decl":{"start":{"line":20,"column":19},"end":{"line":20,"column":315}},"loc":{"start":{"line":20,"column":19},"end":{"line":20,"column":315}},"line":20},"2":{"name":"MonthlyIcon","decl":{"start":{"line":21,"column":20},"end":{"line":21,"column":339}},"loc":{"start":{"line":21,"column":20},"end":{"line":21,"column":339}},"line":21},"3":{"name":"GridIcon","decl":{"start":{"line":23,"column":17},"end":{"line":23,"column":480}},"loc":{"start":{"line":23,"column":17},"end":{"line":23,"column":480}},"line":23},"4":{"name":"GridDetailIcon","decl":{"start":{"line":24,"column":23},"end":{"line":24,"column":248}},"loc":{"start":{"line":24,"column":23},"end":{"line":24,"column":248}},"line":24},"5":{"name":"ListIcon","decl":{"start":{"line":25,"column":17},"end":{"line":25,"column":251}},"loc":{"start":{"line":25,"column":17},"end":{"line":25,"column":251}},"line":25},"6":{"name":"FilterBar","decl":{"start":{"line":31,"column":44},"end":{"line":186,"column":2}},"loc":{"start":{"line":31,"column":44},"end":{"line":186,"column":2}},"line":31},"7":{"name":"getButtonClasses","decl":{"start":{"line":60,"column":29},"end":{"line":65,"column":11}},"loc":{"start":{"line":60,"column":29},"end":{"line":65,"column":11}},"line":60},"8":{"name":"getViewButtonClasses","decl":{"start":{"line":67,"column":33},"end":{"line":72,"column":11}},"loc":{"start":{"line":67,"column":33},"end":{"line":72,"column":11}},"line":67},"9":{"name":"onClick","decl":{"start":{"line":87,"column":41},"end":{"line":87,"column":66}},"loc":{"start":{"line":87,"column":41},"end":{"line":87,"column":66}},"line":87},"10":{"name":"onClick","decl":{"start":{"line":131,"column":37},"end":{"line":131,"column":75}},"loc":{"start":{"line":131,"column":37},"end":{"line":131,"column":75}},"line":131},"11":{"name":"onClick","decl":{"start":{"line":139,"column":37},"end":{"line":139,"column":77}},"loc":{"start":{"line":139,"column":37},"end":{"line":139,"column":77}},"line":139},"12":{"name":"onClick","decl":{"start":{"line":147,"column":37},"end":{"line":147,"column":69}},"loc":{"start":{"line":147,"column":37},"end":{"line":147,"column":69}},"line":147},"13":{"name":"onClick","decl":{"start":{"line":165,"column":37},"end":{"line":165,"column":66}},"loc":{"start":{"line":165,"column":37},"end":{"line":165,"column":66}},"line":165}},"f":{"0":24,"1":24,"2":24,"3":24,"4":24,"5":24,"6":33,"7":396,"8":99,"9":1,"10":0,"11":0,"12":1,"13":2}}
,"/Users/ciepolml/Projects/marlink-ai-tools/components/Footer.tsx": {"path":"/Users/ciepolml/Projects/marlink-ai-tools/components/Footer.tsx","all":true,"statementMap":{"0":{"start":{"line":1,"column":0},"end":{"line":1,"column":36}},"2":{"start":{"line":3,"column":0},"end":{"line":3,"column":32}},"3":{"start":{"line":4,"column":0},"end":{"line":4,"column":10}},"4":{"start":{"line":5,"column":0},"end":{"line":5,"column":86}},"5":{"start":{"line":6,"column":0},"end":{"line":6,"column":62}},"6":{"start":{"line":7,"column":0},"end":{"line":7,"column":89}},"7":{"start":{"line":8,"column":0},"end":{"line":8,"column":12}},"8":{"start":{"line":9,"column":0},"end":{"line":9,"column":20}},"9":{"start":{"line":10,"column":0},"end":{"line":10,"column":178}},"10":{"start":{"line":11,"column":0},"end":{"line":11,"column":11}},"12":{"start":{"line":13,"column":0},"end":{"line":13,"column":14}},"13":{"start":{"line":14,"column":0},"end":{"line":14,"column":103}},"14":{"start":{"line":15,"column":0},"end":{"line":15,"column":182}},"15":{"start":{"line":16,"column":0},"end":{"line":16,"column":187}},"16":{"start":{"line":17,"column":0},"end":{"line":17,"column":182}},"17":{"start":{"line":18,"column":0},"end":{"line":18,"column":16}},"18":{"start":{"line":19,"column":0},"end":{"line":19,"column":77}},"19":{"start":{"line":20,"column":0},"end":{"line":20,"column":273}},"20":{"start":{"line":21,"column":0},"end":{"line":21,"column":14}},"21":{"start":{"line":22,"column":0},"end":{"line":22,"column":14}},"22":{"start":{"line":23,"column":0},"end":{"line":23,"column":12}},"23":{"start":{"line":24,"column":0},"end":{"line":24,"column":13}},"25":{"start":{"line":26,"column":0},"end":{"line":26,"column":2}},"27":{"start":{"line":28,"column":0},"end":{"line":28,"column":28}}},"s":{"0":0,"2":0,"3":0,"4":0,"5":0,"6":0,"7":0,"8":0,"9":0,"10":0,"12":0,"13":0,"14":0,"15":0,"16":0,"17":0,"18":0,"19":0,"20":0,"21":0,"22":0,"23":0,"25":0,"27":0},"branchMap":{"0":{"type":"branch","line":1,"loc":{"start":{"line":1,"column":0},"end":{"line":28,"column":-976}},"locations":[{"start":{"line":1,"column":0},"end":{"line":28,"column":-976}}]}},"b":{"0":[0]},"fnMap":{"0":{"name":"(empty-report)","decl":{"start":{"line":1,"column":0},"end":{"line":28,"column":-976}},"loc":{"start":{"line":1,"column":0},"end":{"line":28,"column":-976}},"line":1}},"f":{"0":0}}
,"/Users/ciepolml/Projects/marlink-ai-tools/components/Header.tsx": {"path":"/Users/ciepolml/Projects/marlink-ai-tools/components/Header.tsx","all":false,"statementMap":{"0":{"start":{"line":1,"column":0},"end":{"line":1,"column":49}},"1":{"start":{"line":2,"column":0},"end":{"line":2,"column":33}},"12":{"start":{"line":13,"column":0},"end":{"line":13,"column":23}},"13":{"start":{"line":14,"column":0},"end":{"line":14,"column":134}},"14":{"start":{"line":15,"column":0},"end":{"line":15,"column":215}},"15":{"start":{"line":16,"column":0},"end":{"line":16,"column":10}},"18":{"start":{"line":19,"column":0},"end":{"line":19,"column":24}},"19":{"start":{"line":20,"column":0},"end":{"line":20,"column":134}},"20":{"start":{"line":21,"column":0},"end":{"line":21,"column":151}},"21":{"start":{"line":22,"column":0},"end":{"line":22,"column":10}},"24":{"start":{"line":25,"column":0},"end":{"line":25,"column":138}},"25":{"start":{"line":26,"column":0},"end":{"line":26,"column":43}},"26":{"start":{"line":27,"column":0},"end":{"line":27,"column":74}},"27":{"start":{"line":28,"column":0},"end":{"line":28,"column":32}},"28":{"start":{"line":29,"column":0},"end":{"line":29,"column":31}},"30":{"start":{"line":31,"column":0},"end":{"line":31,"column":56}},"31":{"start":{"line":32,"column":0},"end":{"line":32,"column":46}},"32":{"start":{"line":33,"column":0},"end":{"line":33,"column":47}},"34":{"start":{"line":35,"column":0},"end":{"line":35,"column":12}},"35":{"start":{"line":36,"column":0},"end":{"line":36,"column":16}},"36":{"start":{"line":37,"column":0},"end":{"line":37,"column":201}},"37":{"start":{"line":38,"column":0},"end":{"line":38,"column":25}},"39":{"start":{"line":40,"column":0},"end":{"line":40,"column":68}},"40":{"start":{"line":41,"column":0},"end":{"line":41,"column":72}},"41":{"start":{"line":42,"column":0},"end":{"line":42,"column":78}},"42":{"start":{"line":43,"column":0},"end":{"line":43,"column":30}},"43":{"start":{"line":44,"column":0},"end":{"line":44,"column":63}},"44":{"start":{"line":45,"column":0},"end":{"line":45,"column":103}},"45":{"start":{"line":46,"column":0},"end":{"line":46,"column":48}},"46":{"start":{"line":47,"column":0},"end":{"line":47,"column":40}},"47":{"start":{"line":48,"column":0},"end":{"line":48,"column":50}},"48":{"start":{"line":49,"column":0},"end":{"line":49,"column":44}},"49":{"start":{"line":50,"column":0},"end":{"line":50,"column":50}},"50":{"start":{"line":51,"column":0},"end":{"line":51,"column":50}},"51":{"start":{"line":52,"column":0},"end":{"line":52,"column":46}},"53":{"start":{"line":54,"column":0},"end":{"line":54,"column":117}},"54":{"start":{"line":55,"column":0},"end":{"line":55,"column":94}},"55":{"start":{"line":56,"column":0},"end":{"line":56,"column":116}},"56":{"start":{"line":57,"column":0},"end":{"line":57,"column":30}},"57":{"start":{"line":58,"column":0},"end":{"line":58,"column":49}},"58":{"start":{"line":59,"column":0},"end":{"line":59,"column":127}},"60":{"start":{"line":61,"column":0},"end":{"line":61,"column":33}},"61":{"start":{"line":62,"column":0},"end":{"line":62,"column":31}},"62":{"start":{"line":63,"column":0},"end":{"line":63,"column":60}},"63":{"start":{"line":64,"column":0},"end":{"line":64,"column":48}},"64":{"start":{"line":65,"column":0},"end":{"line":65,"column":58}},"65":{"start":{"line":66,"column":0},"end":{"line":66,"column":195}},"66":{"start":{"line":67,"column":0},"end":{"line":67,"column":90}},"67":{"start":{"line":68,"column":0},"end":{"line":68,"column":29}},"69":{"start":{"line":70,"column":0},"end":{"line":70,"column":32}},"70":{"start":{"line":71,"column":0},"end":{"line":71,"column":30}},"71":{"start":{"line":72,"column":0},"end":{"line":72,"column":26}},"72":{"start":{"line":73,"column":0},"end":{"line":73,"column":125}},"73":{"start":{"line":74,"column":0},"end":{"line":74,"column":83}},"74":{"start":{"line":75,"column":0},"end":{"line":75,"column":34}},"75":{"start":{"line":76,"column":0},"end":{"line":76,"column":107}},"76":{"start":{"line":77,"column":0},"end":{"line":77,"column":56}},"77":{"start":{"line":78,"column":0},"end":{"line":78,"column":29}},"79":{"start":{"line":80,"column":0},"end":{"line":80,"column":35}},"80":{"start":{"line":81,"column":0},"end":{"line":81,"column":34}},"81":{"start":{"line":82,"column":0},"end":{"line":82,"column":100}},"82":{"start":{"line":83,"column":0},"end":{"line":83,"column":63}},"83":{"start":{"line":84,"column":0},"end":{"line":84,"column":29}},"85":{"start":{"line":86,"column":0},"end":{"line":86,"column":35}},"86":{"start":{"line":87,"column":0},"end":{"line":87,"column":35}},"87":{"start":{"line":88,"column":0},"end":{"line":88,"column":66}},"88":{"start":{"line":89,"column":0},"end":{"line":89,"column":303}},"89":{"start":{"line":90,"column":0},"end":{"line":90,"column":45}},"90":{"start":{"line":91,"column":0},"end":{"line":91,"column":61}},"91":{"start":{"line":92,"column":0},"end":{"line":92,"column":96}},"92":{"start":{"line":93,"column":0},"end":{"line":93,"column":76}},"94":{"start":{"line":95,"column":0},"end":{"line":95,"column":200}},"95":{"start":{"line":96,"column":0},"end":{"line":96,"column":37}},"96":{"start":{"line":97,"column":0},"end":{"line":97,"column":34}},"97":{"start":{"line":98,"column":0},"end":{"line":98,"column":63}},"98":{"start":{"line":99,"column":0},"end":{"line":99,"column":51}},"100":{"start":{"line":101,"column":0},"end":{"line":101,"column":107}},"101":{"start":{"line":102,"column":0},"end":{"line":102,"column":35}},"102":{"start":{"line":103,"column":0},"end":{"line":103,"column":30}},"103":{"start":{"line":104,"column":0},"end":{"line":104,"column":126}},"104":{"start":{"line":105,"column":0},"end":{"line":105,"column":32}},"105":{"start":{"line":106,"column":0},"end":{"line":106,"column":54}},"106":{"start":{"line":107,"column":0},"end":{"line":107,"column":359}},"107":{"start":{"line":108,"column":0},"end":{"line":108,"column":72}},"109":{"start":{"line":110,"column":0},"end":{"line":110,"column":82}},"110":{"start":{"line":111,"column":0},"end":{"line":111,"column":68}},"111":{"start":{"line":112,"column":0},"end":{"line":112,"column":33}},"112":{"start":{"line":113,"column":0},"end":{"line":113,"column":32}},"113":{"start":{"line":114,"column":0},"end":{"line":114,"column":49}},"114":{"start":{"line":115,"column":0},"end":{"line":115,"column":389}},"115":{"start":{"line":116,"column":0},"end":{"line":116,"column":57}},"116":{"start":{"line":117,"column":0},"end":{"line":117,"column":25}},"118":{"start":{"line":119,"column":0},"end":{"line":119,
[...]
olumn":5}},"110":{"start":{"line":111,"column":0},"end":{"line":111,"column":152}},"111":{"start":{"line":112,"column":0},"end":{"line":112,"column":119}},"112":{"start":{"line":113,"column":0},"end":{"line":113,"column":5}},"114":{"start":{"line":115,"column":0},"end":{"line":115,"column":12}},"115":{"start":{"line":116,"column":0},"end":{"line":116,"column":35}},"116":{"start":{"line":117,"column":0},"end":{"line":117,"column":12}},"117":{"start":{"line":118,"column":0},"end":{"line":118,"column":6}},"118":{"start":{"line":119,"column":0},"end":{"line":119,"column":3}},"120":{"start":{"line":121,"column":0},"end":{"line":121,"column":101}},"121":{"start":{"line":122,"column":0},"end":{"line":122,"column":34}},"124":{"start":{"line":125,"column":0},"end":{"line":125,"column":58}},"125":{"start":{"line":126,"column":0},"end":{"line":126,"column":86}},"126":{"start":{"line":127,"column":0},"end":{"line":127,"column":5}},"129":{"start":{"line":130,"column":0},"end":{"line":130,"column":67}},"130":{"start":{"line":131,"column":0},"end":{"line":131,"column":100}},"131":{"start":{"line":132,"column":0},"end":{"line":132,"column":5}},"133":{"start":{"line":134,"column":0},"end":{"line":134,"column":12}},"134":{"start":{"line":135,"column":0},"end":{"line":135,"column":35}},"135":{"start":{"line":136,"column":0},"end":{"line":136,"column":12}},"136":{"start":{"line":137,"column":0},"end":{"line":137,"column":6}},"137":{"start":{"line":138,"column":0},"end":{"line":138,"column":3}},"139":{"start":{"line":140,"column":0},"end":{"line":140,"column":70}},"140":{"start":{"line":141,"column":0},"end":{"line":141,"column":34}},"142":{"start":{"line":143,"column":0},"end":{"line":143,"column":46}},"143":{"start":{"line":144,"column":0},"end":{"line":144,"column":95}},"144":{"start":{"line":145,"column":0},"end":{"line":145,"column":5}},"146":{"start":{"line":147,"column":0},"end":{"line":147,"column":29}},"147":{"start":{"line":148,"column":0},"end":{"line":148,"column":112}},"148":{"start":{"line":149,"column":0},"end":{"line":149,"column":5}},"151":{"start":{"line":152,"column":0},"end":{"line":152,"column":68}},"152":{"start":{"line":153,"column":0},"end":{"line":153,"column":63}},"153":{"start":{"line":154,"column":0},"end":{"line":154,"column":107}},"154":{"start":{"line":155,"column":0},"end":{"line":155,"column":5}},"156":{"start":{"line":157,"column":0},"end":{"line":157,"column":12}},"157":{"start":{"line":158,"column":0},"end":{"line":158,"column":35}},"158":{"start":{"line":159,"column":0},"end":{"line":159,"column":12}},"159":{"start":{"line":160,"column":0},"end":{"line":160,"column":6}},"160":{"start":{"line":161,"column":0},"end":{"line":161,"column":3}},"162":{"start":{"line":163,"column":0},"end":{"line":163,"column":55}},"163":{"start":{"line":164,"column":0},"end":{"line":164,"column":16}},"164":{"start":{"line":165,"column":0},"end":{"line":165,"column":13}},"165":{"start":{"line":166,"column":0},"end":{"line":166,"column":95}},"166":{"start":{"line":167,"column":0},"end":{"line":167,"column":56}},"167":{"start":{"line":168,"column":0},"end":{"line":168,"column":67}},"168":{"start":{"line":169,"column":0},"end":{"line":169,"column":42}},"169":{"start":{"line":170,"column":0},"end":{"line":170,"column":3}},"171":{"start":{"line":172,"column":0},"end":{"line":172,"column":50}},"172":{"start":{"line":173,"column":0},"end":{"line":173,"column":9}},"173":{"start":{"line":174,"column":0},"end":{"line":174,"column":34}},"175":{"start":{"line":176,"column":0},"end":{"line":176,"column":59}},"176":{"start":{"line":177,"column":0},"end":{"line":177,"column":44}},"177":{"start":{"line":178,"column":0},"end":{"line":178,"column":7}},"178":{"start":{"line":179,"column":0},"end":{"line":179,"column":31}},"179":{"start":{"line":180,"column":0},"end":{"line":180,"column":13}},"180":{"start":{"line":181,"column":0},"end":{"line":181,"column":16}},"181":{"start":{"line":182,"column":0},"end":{"line":182,"column":5}},"182":{"start":{"line":183,"column":0},"end":{"line":183,"column":3}},"184":{"start":{"line":185,"column":0},"end":{"line":185,"column":56}},"185":{"start":{"line":186,"column":0},"end":{"line":186,"column":14}},"186":{"start":{"line":187,"column":0},"end":{"line":187,"column":47}},"187":{"start":{"line":188,"column":0},"end":{"line":188,"column":45}},"188":{"start":{"line":189,"column":0},"end":{"line":189,"column":38}},"189":{"start":{"line":190,"column":0},"end":{"line":190,"column":41}},"190":{"start":{"line":191,"column":0},"end":{"line":191,"column":3}},"191":{"start":{"line":192,"column":0},"end":{"line":192,"column":1}},"194":{"start":{"line":195,"column":0},"end":{"line":195,"column":33}},"195":{"start":{"line":196,"column":0},"end":{"line":196,"column":51}},"196":{"start":{"line":197,"column":0},"end":{"line":197,"column":6}},"197":{"start":{"line":198,"column":0},"end":{"line":198,"column":61}},"198":{"start":{"line":199,"column":0},"end":{"line":199,"column":53}},"200":{"start":{"line":201,"column":0},"end":{"line":201,"column":60}},"201":{"start":{"line":202,"column":0},"end":{"line":202,"column":35}},"202":{"start":{"line":203,"column":0},"end":{"line":203,"column":29}},"203":{"start":{"line":204,"column":0},"end":{"line":204,"column":31}},"204":{"start":{"line":205,"column":0},"end":{"line":205,"column":18}},"205":{"start":{"line":206,"column":0},"end":{"line":206,"column":18}},"207":{"start":{"line":208,"column":0},"end":{"line":208,"column":47}},"208":{"start":{"line":209,"column":0},"end":{"line":209,"column":18}},"209":{"start":{"line":210,"column":0},"end":{"line":210,"column":21}},"210":{"start":{"line":211,"column":0},"end":{"line":211,"column":9}},"212":{"start":{"line":213,"column":0},"end":{"line":213,"column":66}},"213":{"start":{"line":214,"column":0},"end":{"line":214,"column":32}},"214":{"start":{"line":215,"column":0},"end":{"line":215,"column":23}},"215":{"start":{"line":216,"column":0},"end":{"line":216,"column":43}},"216":{"start":{"line":217,"column":0},"end":{"line":217,"column":34}},"217":{"start":{"line":218,"column":0},"end":{"line":218,"column":39}},"218":{"start":{"line":219,"column":0},"end":{"line":219,"column":6}},"219":{"start":{"line":220,"column":0},"end":{"line":220,"column":15}},"221":{"start":{"line":222,"column":0},"end":{"line":222,"column":10}},"222":{"start":{"line":223,"column":0},"end":{"line":223,"column":11}},"223":{"start":{"line":224,"column":0},"end":{"line":224,"column":12}},"224":{"start":{"line":225,"column":0},"end":{"line":225,"column":13}},"225":{"start":{"line":226,"column":0},"end":{"line":226,"column":16}},"226":{"start":{"line":227,"column":0},"end":{"line":227,"column":17}},"227":{"start":{"line":228,"column":0},"end":{"line":228,"column":4}},"228":{"start":{"line":229,"column":0},"end":{"line":229,"column":2}}},"s":{"0":1,"8":1,"9":1,"10":10,"11":10,"12":10,"13":10,"14":1,"15":1,"16":10,"18":1,"19":3,"20":3,"21":3,"23":1,"24":35,"25":35,"26":34,"27":35,"29":1,"30":7,"31":7,"33":1,"34":5,"37":5,"38":1,"39":1,"41":5,"42":1,"43":1,"45":5,"46":1,"47":1,"49":5,"50":1,"51":1,"53":5,"54":0,"55":5,"56":0,"57":0,"60":5,"61":0,"62":0,"64":5,"65":5,"66":5,"67":5,"68":5,"69":5,"70":0,"71":0,"73":5,"74":5,"75":5,"76":5,"77":5,"79":1,"80":2,"83":2,"84":1,"85":1,"87":2,"88":0,"89":0,"91":2,"92":0,"93":0,"95":2,"96":0,"97":0,"99":2,"100":0,"101":2,"102":0,"103":0,"106":2,"107":0,"108":0,"110":2,"111":0,"112":0,"114":2,"115":2,"116":2,"117":2,"118":2,"120":1,"121":4,"124":4,"125":1,"126":1,"129":4,"130":1,"131":1,"133":4,"134":4,"135":4,"136":4,"137":4,"139":1,"140":3,"142":3,"143":1,"144":1,"146":3,"147":1,"148":1,"151":3,"152":3,"153":0,"154":0,"156":3,"157":3,"158":3,"159":3,"160":3,"162":1,"163":4,"164":4,"165":4,"166":4,"167":4,"168":4,"169":4,"171":1,"172":1,"173":1,"175":1,"176":0,"177":0,"178":1,"179":1,"180":0,"181":0,"182":1,"184":1,"185":1,"186":1,"187":1,"188":1,"189":1,"190":1,"191":1,"194":1,"195":0,"196":0,"197":0,"198":0,"200":0,"201":0,"202":0,"203":0,"204":0,"205":0,"207":0,"208":0,"209":0,"210":0,"212":0,"213":0,"214":0,"215":0,"216":0,"217":0,"218":0,"219":0,"221":0,"222":0,"223":0,"224":0,"225":0,"226":0,"227":0,"228":0},"branchMap":{"0":{"type":"branch","line":10,"loc":{"start":{"line":10,"column":17},"end":{"line":17,"column":3}},"locations":[{"start":{"line":10,"column":17},"end":{"line":17,"column":3}}]},"1":{"type":"branch","line":14,"loc":{"start":{"line":14,"column":4},"end":{"line":16,"column":5}},"locations":[{"start":{"line":14,"column":4},"end":{"line":16,"column":5}}]},"2":{"type":"branch","line":19,"loc":{"start":{"line":19,"column":17},"end":{"line":22,"column":3}},"locations":[{"start":{"line":19,"column":17},"end":{"line":22,"column":3}}]},"3":{"type":"branch","line":24,"loc":{"start":{"line":24,"column":17},"end":{"line":28,"column":3}},"locations":[{"start":{"line":24,"column":17},"end":{"line":28,"column":3}}]},"4":{"type":"branch","line":26,"loc":{"start":{"line":26,"column":34},"end":{"line":27,"column":44}},"locations":[{"start":{"line":26,"column":34},"end":{"line":27,"column":44}}]},"5":{"type":"branch","line":30,"loc":{"start":{"line":30,"column":17},"end":{"line":32,"column":3}},"locations":[{"start":{"line":30,"column":17},"end":{"line":32,"column":3}}]},"6":{"type":"branch","line":34,"loc":{"start":{"line":34,"column":16},"end":{"line":78,"column":3}},"locations":[{"start":{"line":34,"column":16},"end":{"line":78,"column":3}}]},"7":{"type":"branch","line":38,"loc":{"start":{"line":38,"column":14},"end":{"line":38,"column":62}},"locations":[{"start":{"line":38,"column":14},"end":{"line":38,"column":62}}]},"8":{"type":"branch","line":38,"loc":{"start":{"line":38,"column":62},"end":{"line":40,"column":5}},"locations":[{"start":{"line":38,"column":62},"end":{"line":40,"column":5}}]},"9":{"type":"branch","line":42,"loc":{"start":{"line":42,"column":77},"end":{"line":44,"column":5}},"locations":[{"start":{"line":42,"column":77},"end":{"line":44,"column":5}}]},"10":{"type":"branch","line":46,"loc":{"start":{"line":46,"column":14},"end":{"line":46,"column":69}},"locations":[{"start":{"line":46,"column":14},"end":{"line":46,"column":69}}]},"11":{"type":"branch","line":46,"loc":{"start":{"line":46,"column":69},"end":{"line":48,"column":5}},"locations":[{"start":{"line":46,"column":69},"end":{"line":48,"column":5}}]},"12":{"type":"branch","line":50,"loc":{"start":{"line":50,"column":49},"end":{"line":52,"column":5}},"locations":[{"start":{"line":50,"column":49},"end":{"line":52,"column":5}}]},"13":{"type":"branch","line":54,"loc":{"start":{"line":54,"column":61},"end":{"line":56,"column":15}},"locations":[{"start":{"line":54,"column":61},"end":{"line":56,"column":15}}]},"14":{"type":"branch","line":56,"loc":{"start":{"line":56,"column":83},"end":{"line":58,"column":5}},"locations":[{"start":{"line":56,"column":83},"end":{"line":58,"column":5}}]},"15":{"type":"branch","line":61,"loc":{"start":{"line":61,"column":13},"end":{"line":61,"column":64}},"locations":[{"start":{"line":61,"column":13},"end":{"line":61,"column":64}}]},"16":{"type":"branch","line":61,"loc":{"start":{"line":61,"column":64},"end":{"line":63,"column":5}},"locations":[{"start":{"line":61,"column":64},"end":{"line":63,"column":5}}]},"17":{"type":"branch","line":70,"loc":{"start":{"line":70,"column":7},"end":{"line":72,"column":5}},"locations":[{"start":{"line":70,"column":7},"end":{"line":72,"column":5}}]},"18":{"type":"branch","line":56,"loc":{"start":{"line":56,"column":34},"end":{"line":56,"column":80}},"locations":[{"start":{"line":56,"column":34},"end":{"line":56,"column":80}}]},"19":{"type":"branch","line":80,"loc":{"start":{"line":80,"column":16},"end":{"line":119,"column":3}},"locations":[{"start":{"line":80,"column":16},"end":{"line":119,"column":3}}]},"20":{"type":"branch","line":84,"loc":{"start":{"line":84,"column":70},"end":{"line":86,"column":5}},"locations":[{"start":{"line":84,"column":70},"end":{"line":86,"column":5}}]},"21":{"type":"branch","line":88,"loc":{"start":{"line":88,"column":85},"end":{"line":90,"column":5}},"locations":[{"start":{"line":88,"column":85},"end":{"line":90,"column":5}}]},"22":{"type":"branch","line":92,"loc":{"start":{"line":92,"column":77},"end":{"line":94,"column":5}},"locations":[{"start":{"line":92,"column":77},"end":{"line":94,"column":5}}]},"23":{"type":"branch","line":96,"loc":{"start":{"line":96,"column":57},"end":{"line":98,"column":5}},"locations":[{"start":{"line":96,"column":57},"end":{"line":98,"column":5}}]},"24":{"type":"branch","line":100,"loc":{"start":{"line":100,"column":69},"end":{"line":102,"column":15}},"locations":[{"start":{"line":100,"column":69},"end":{"line":102,"column":15}}]},"25":{"type":"branch","line":102,"loc":{"start":{"line":102,"column":87},"end":{"line":104,"column":5}},"locations":[{"start":{"line":102,"column":87},"end":{"line":104,"column":5}}]},"26":{"type":"branch","line":107,"loc":{"start":{"line":107,"column":72},"end":{"line":109,"column":5}},"locations":[{"start":{"line":107,"column":72},"end":{"line":109,"column":5}}]},"27":{"type":"branch","line":111,"loc":{"start":{"line":111,"column":33},"end":{"line":111,"column":80}},"locations":[{"start":{"line":111,"column":33},"end":{"line":111,"column":80}}]},"28":{"type":"branch","line":111,"loc":{"start":{"line":111,"column":66},"end":{"line":111,"column":151}},"locations":[{"start":{"line":111,"column":66},"end":{"line":111,"column":151}}]},"29":{"type":"branch","line":111,"loc":{"start":{"line":111,"column":151},"end":{"line":113,"column":5}},"locations":[{"start":{"line":111,"column":151},"end":{"line":113,"column":5}}]},"30":{"type":"branch","line":102,"loc":{"start":{"line":102,"column":38},"end":{"line":102,"column":84}},"locations":[{"start":{"line":102,"column":38},"end":{"line":102,"column":84}}]},"31":{"type":"branch","line":121,"loc":{"start":{"line":121,"column":16},"end":{"line":138,"column":3}},"locations":[{"start":{"line":121,"column":16},"end":{"line":138,"column":3}}]},"32":{"type":"branch","line":125,"loc":{"start":{"line":125,"column":18},"end":{"line":125,"column":57}},"locations":[{"start":{"line":125,"column":18},"end":{"line":125,"column":57}}]},"33":{"type":"branch","line":125,"loc":{"start":{"line":125,"column":57},"end":{"line":127,"column":5}},"locations":[{"start":{"line":125,"column":57},"end":{"line":127,"column":5}}]},"34":{"type":"branch","line":130,"loc":{"start":{"line":130,"column":17},"end":{"line":130,"column":66}},"locations":[{"start":{"line":130,"column":17},"end":{"line":130,"column":66}}]},"35":{"type":"branch","line":130,"loc":{"start":{"line":130,"column":66},"end":{"line":132,"column":5}},"locations":[{"start":{"line":130,"column":66},"end":{"line":132,"column":5}}]},"36":{"type":"branch","line":140,"loc":{"start":{"line":140,"column":16},"end":{"line":161,"column":3}},"locations":[{"start":{"line":140,"column":16},"end":{"line":161,"column":3}}]},"37":{"type":"branch","line":143,"loc":{"start":{"line":143,"column":9},"end":{"line":143,"column":45}},"locations":[{"start":{"line":143,"column":9},"end":{"line":143,"column":45}}]},"38":{"type":"branch","line":143,"loc":{"start":{"line":143,"column":45},"end":{"line":145,"column":5}},"locations":[{"start":{"line":143,"column":45},"end":{"line":145,"column":5}}]},"39":{"type":"branch","line":147,"loc":{"start":{"line":147,"column":28},"end":{"line":149,"column":5}},"locations":[{"start":{"line":147,"column":28},"end":{"line":149,"column":5}}]},"40":{"type":"branch","line":153,"loc":{"start":{"line":153,"column":62},"end":{"line":155,"column":5}},"locations":[{"start":{"line":153,"column":62},"end":{"line":155,"column":5}}]},"41":{"type":"branch","line":153,"loc":{"start":{"line":153,"column":29},"end":{"line":153,"column":59}},"locations":[{"start":{"line":153,"column":29},"end":{"line":153,"column":59}}]},"42":{"type":"branch","line":163,"loc":{"start":{"line":163,"column":16},"end":{"line":170,"column":3}},"locations":[{"start":{"line":163,"column":16},"end":{"line":170,"column":3}}]},"43":{"type":"branch","line":172,"loc":{"start":{"line":172,"column":16},"end":{"line":183,"column":3}},"locations":[{"start":{"line":172,"column":16},"end":{"line":183,"column":3}}]},"44":{"type":"branch","line":176,"loc":{"start":{"line":176,"column":58},"end":{"line":178,"column":7}},"locations":[{"start":{"line":176,"column":58},"end":{"line":178,"column":7}}]},"45":{"type":"branch","line":180,"loc":{"start":{"line":180,"column":4},"end":{"line":182,"column":5}},"locations":[{"start":{"line":180,"column":4},"end":{"line":182,"column":5}}]},"46":{"type":"branch","line":185,"loc":{"start":{"line":185,"column":16},"end":{"line":191,"column":3}},"locations":[{"start":{"line":185,"column":16},"end":{"line":191,"column":3}}]},"47":{"type":"branch","line":187,"loc":{"start":{"line":187,"column":14},"end":{"line":187,"column":46}},"locations":[{"start":{"line":187,"column":14},"end":{"line":187,"column":46}}]},"48":{"type":"branch","line":188,"loc":{"start":{"line":188,"column":11},"end":{"line":188,"column":44}},"locations":[{"start":{"line":188,"column":11},"end":{"line":188,"column":44}}]},"49":{"type":"branch","line":189,"loc":{"start":{"line":189,"column":14},"end":{"line":189,"column":37}},"locations":[{"start":{"line":189,"column":14},"end":{"line":189,"column":37}}]}},"b":{"0":[10],"1":[1],"2":[3],"3":[35],"4":[34],"5":[7],"6":[5],"7":[4],"8":[1],"9":[1],"10":[4],"11":[1],"12":[1],"13":[0],"14":[0],"15":[0],"16":[0],"17":[0],"18":[10],"19":[2],"20":[1],"21":[0],"22":[0],"23":[0],"24":[0],"25":[0],"26":[0],"27":[0],"28":[0],"29":[0],"30":[4],"31":[4],"32":[3],"33":[1],"34":[3],"35":[1],"36":[3],"37":[2],"38":[1],"39":[1],"40":[0],"41":[9],"42":[4],"43":[1],"44":[0],"45":[0],"46":[1],"47":[3],"48":[3],"49":[3]},"fnMap":{"0":{"name":"isValidUrl","decl":{"start":{"line":10,"column":17},"end":{"line":17,"column":3}},"loc":{"start":{"line":10,"column":17},"end":{"line":17,"column":3}},"line":10},"1":{"name":"isValidEmail","decl":{"start":{"line":19,"column":17},"end":{"line":22,"column":3}},"loc":{"start":{"line":19,"column":17},"end":{"line":22,"column":3}},"line":19},"2":{"name":"isValidString","decl":{"start":{"line":24,"column":17},"end":{"line":28,"column":3}},"loc":{"start":{"line":24,"column":17},"end":{"line":28,"column":3}},"line":24},"3":{"name":"isValidArray","decl":{"start":{"line":30,"column":17},"end":{"line":32,"column":3}},"loc":{"start":{"line":30,"column":17},"end":{"line":32,"column":3}},"line":30},"4":{"name":"validateTool","decl":{"start":{"line":34,"column":16},"end":{"line":78,"column":3}},"loc":{"start":{"line":34,"column":16},"end":{"line":78,"column":3}},"line":34},"5":{"name":"validateToolFormData","decl":{"start":{"line":80,"column":16},"end":{"line":119,"column":3}},"loc":{"start":{"line":80,"column":16},"end":{"line":119,"column":3}},"line":80},"6":{"name":"validateSubmissionFormData","decl":{"start":{"line":121,"column":16},"end":{"line":138,"column":3}},"loc":{"start":{"line":121,"column":16},"end":{"line":138,"column":3}},"line":121},"7":{"name":"validateSearchQuery","decl":{"start":{"line":140,"column":16},"end":{"line":161,"column":3}},"loc":{"start":{"line":140,"column":16},"end":{"line":161,"column":3}},"line":140},"8":{"name":"sanitizeString","decl":{"start":{"line":163,"column":16},"end":{"line":170,"column":3}},"loc":{"start":{"line":163,"column":16},"end":{"line":170,"column":3}},"line":163},"9":{"name":"sanitizeUrl","decl":{"start":{"line":172,"column":16},"end":{"line":183,"column":3}},"loc":{"start":{"line":172,"column":16},"end":{"line":183,"column":3}},"line":172},"10":{"name":"sanitizeArray","decl":{"start":{"line":185,"column":16},"end":{"line":191,"column":3}},"loc":{"start":{"line":185,"column":16},"end":{"line":191,"column":3}},"line":185},"11":{"name":"useValidation","decl":{"start":{"line":195,"column":29},"end":{"line":229,"column":2}},"loc":{"start":{"line":195,"column":29},"end":{"line":229,"column":2}},"line":195}},"f":{"0":10,"1":3,"2":35,"3":7,"4":5,"5":2,"6":4,"7":3,"8":4,"9":1,"10":1,"11":0}}
}
